#
# There is insufficient memory for the Java Runtime Environment to continue.
# Native memory allocation (malloc) failed to allocate 2122960 bytes for Chunk::new
# Possible reasons:
#   The system is out of physical RAM or swap space
#   In 32 bit mode, the process size limit was hit
# Possible solutions:
#   Reduce memory load on the system
#   Increase physical memory or swap space
#   Check if swap backing store is full
#   Use 64 bit Java on a 64 bit OS
#   Decrease Java heap size (-Xmx/-Xms)
#   Decrease number of Java threads
#   Decrease Java thread stack sizes (-Xss)
#   Set larger code cache with -XX:ReservedCodeCacheSize=
# This output file may be truncated or incomplete.
#
#  Out of Memory Error (allocation.cpp:390), pid=5572, tid=8092
#
# JRE version: Java(TM) SE Runtime Environment (8.0_65-b17) (build 1.8.0_65-b17)
# Java VM: Java HotSpot(TM) 64-Bit Server VM (25.65-b01 mixed mode windows-amd64 compressed oops)
# Failed to write core dump. Minidumps are not enabled by default on client versions of Windows
#

---------------  T H R E A D  ---------------

Current thread (0x000000001539c800):  JavaThread "C2 CompilerThread0" daemon [_thread_in_native, id=8092, stack(0x0000000016ca0000,0x0000000016da0000)]

Stack: [0x0000000016ca0000,0x0000000016da0000]
[error occurred during error reporting (printing stack bounds), id 0xc0000005]

Native frames: (J=compiled Java code, j=interpreted, Vv=VM code, C=native code)


Current CompileTask:
C2:   4147 1573   !   4       java.net.URLClassLoader$1::run (63 bytes)


---------------  P R O C E S S  ---------------

Java Threads: ( => current thread )
  0x00000000182b3800 JavaThread "Stdin handler" [_thread_blocked, id=4928, stack(0x00000000198b0000,0x00000000199b0000)]
  0x00000000182b1000 JavaThread "Asynchronous log dispatcher for org.gradle.launcher.daemon.server.DefaultDaemonConnection@1f315e63" [_thread_blocked, id=13836, stack(0x00000000197b0000,0x00000000198b0000)]
  0x0000000017cc9800 JavaThread "Daemon worker" [_thread_in_vm, id=9720, stack(0x00000000194b0000,0x00000000195b0000)]
  0x0000000017cc6000 JavaThread "Cancel handler" [_thread_blocked, id=13464, stack(0x00000000193b0000,0x00000000194b0000)]
  0x0000000017c7a800 JavaThread "Handler for socket connection from /127.0.0.1:9568 to /127.0.0.1:9569" [_thread_in_native, id=12560, stack(0x00000000192b0000,0x00000000193b0000)]
  0x0000000017ce0800 JavaThread "Daemon" [_thread_blocked, id=6504, stack(0x00000000191b0000,0x00000000192b0000)]
  0x0000000018096000 JavaThread "Incoming local TCP Connector on port 9568" [_thread_in_native, id=11868, stack(0x0000000018ce0000,0x0000000018de0000)]
  0x0000000017ef6800 JavaThread "pool-1-thread-1" [_thread_blocked, id=13372, stack(0x00000000189e0000,0x0000000018ae0000)]
  0x000000001692d800 JavaThread "Service Thread" daemon [_thread_blocked, id=14996, stack(0x0000000016fa0000,0x00000000170a0000)]
  0x00000000168a8800 JavaThread "C1 CompilerThread2" daemon [_thread_blocked, id=13808, stack(0x0000000016ea0000,0x0000000016fa0000)]
  0x00000000168a2800 JavaThread "C2 CompilerThread1" daemon [_thread_in_native, id=14928, stack(0x0000000016da0000,0x0000000016ea0000)]
=>0x000000001539c800 JavaThread "C2 CompilerThread0" daemon [_thread_in_native, id=8092, stack(0x0000000016ca0000,0x0000000016da0000)]
  0x000000001539b000 JavaThread "Attach Listener" daemon [_thread_blocked, id=14080, stack(0x00000000167a0000,0x00000000168a0000)]
  0x000000001534f000 JavaThread "Signal Dispatcher" daemon [_thread_blocked, id=6552, stack(0x00000000166a0000,0x00000000167a0000)]
  0x0000000002c67000 JavaThread "Finalizer" daemon [_thread_blocked, id=9740, stack(0x00000000165a0000,0x00000000166a0000)]
  0x0000000002c5e000 JavaThread "Reference Handler" daemon [_thread_blocked, id=12392, stack(0x00000000164a0000,0x00000000165a0000)]
  0x000000000263e000 JavaThread "main" [_thread_blocked, id=13928, stack(0x0000000002a70000,0x0000000002b70000)]

Other Threads:
  0x0000000015308000 VMThread [stack: 0x00000000163a0000,0x00000000164a0000] [id=8356]
  0x000000001695b800 WatcherThread [stack: 0x00000000170a0000,0x00000000171a0000] [id=13672]

VM state:not at safepoint (normal execution)

VM Mutex/Monitor currently owned by a thread: None

Heap:
 PSYoungGen      total 38400K, used 11409K [0x00000000eab00000, 0x00000000ed580000, 0x0000000100000000)
  eden space 33280K, 18% used [0x00000000eab00000,0x00000000eb12a158,0x00000000ecb80000)
  from space 5120K, 99% used [0x00000000ecb80000,0x00000000ed07a630,0x00000000ed080000)
  to   space 5120K, 0% used [0x00000000ed080000,0x00000000ed080000,0x00000000ed580000)
 ParOldGen       total 87552K, used 5865K [0x00000000c0000000, 0x00000000c5580000, 0x00000000eab00000)
  object space 87552K, 6% used [0x00000000c0000000,0x00000000c05ba570,0x00000000c5580000)
 Metaspace       used 19467K, capacity 19864K, committed 20096K, reserved 1067008K
  class space    used 2555K, capacity 2680K, committed 2688K, reserved 1048576K

Card table byte_map: [0x0000000012030000,0x0000000012240000] byte_map_base: 0x0000000011a30000

Marking Bits: (ParMarkBitMap*) 0x000000007301a5b0
 Begin Bits: [0x00000000127a0000, 0x00000000137a0000)
 End Bits:   [0x00000000137a0000, 0x00000000147a0000)

Polling page: 0x0000000000da0000

CodeCache: size=245760Kb used=6683Kb max_used=6683Kb free=239076Kb
 bounds [0x0000000002c70000, 0x0000000003300000, 0x0000000011c70000]
 total_blobs=2311 nmethods=1689 adapters=534
 compilation: enabled

Compilation events (10 events):
Event: 4.136 Thread 0x00000000168a8800 nmethod 1689 0x00000000032ebdd0 code [0x00000000032ec000, 0x00000000032ecd68]
Event: 4.136 Thread 0x00000000168a8800 1690       3       java.lang.reflect.Modifier::toString (202 bytes)
Event: 4.137 Thread 0x00000000168a8800 nmethod 1690 0x00000000032ed750 code [0x00000000032eda40, 0x00000000032ef198]
Event: 4.137 Thread 0x00000000168a8800 1691       3       java.beans.FeatureDescriptor::getParameterTypes (21 bytes)
Event: 4.139 Thread 0x00000000168a8800 nmethod 1691 0x00000000032ef8d0 code [0x00000000032efb40, 0x00000000032f0c88]
Event: 4.139 Thread 0x00000000168a8800 1692       3       com.sun.beans.TypeResolver::resolveInClass (9 bytes)
Event: 4.139 Thread 0x00000000168a8800 nmethod 1692 0x00000000032f1590 code [0x00000000032f1760, 0x00000000032f1dc8]
Event: 4.140 Thread 0x00000000168a8800 1694       3       java.beans.MethodRef::isSet (13 bytes)
Event: 4.140 Thread 0x00000000168a8800 nmethod 1694 0x00000000032f2110 code [0x00000000032f2260, 0x00000000032f2410]
Event: 4.140 Thread 0x00000000168a8800 1695  s!   3       java.beans.PropertyDescriptor::getWriteMethod (165 bytes)

GC Heap History (6 events):
Event: 1.129 GC heap before
{Heap before GC invocations=1 (full 0):
 PSYoungGen      total 38400K, used 33280K [0x00000000eab00000, 0x00000000ed580000, 0x0000000100000000)
  eden space 33280K, 100% used [0x00000000eab00000,0x00000000ecb80000,0x00000000ecb80000)
  from space 5120K, 0% used [0x00000000ed080000,0x00000000ed080000,0x00000000ed580000)
  to   space 5120K, 0% used [0x00000000ecb80000,0x00000000ecb80000,0x00000000ed080000)
 ParOldGen       total 87552K, used 0K [0x00000000c0000000, 0x00000000c5580000, 0x00000000eab00000)
  object space 87552K, 0% used [0x00000000c0000000,0x00000000c0000000,0x00000000c5580000)
 Metaspace       used 6303K, capacity 6508K, committed 6784K, reserved 1056768K
  class space    used 814K, capacity 868K, committed 896K, reserved 1048576K
Event: 1.139 GC heap after
Heap after GC invocations=1 (full 0):
 PSYoungGen      total 38400K, used 4439K [0x00000000eab00000, 0x00000000ed580000, 0x0000000100000000)
  eden space 33280K, 0% used [0x00000000eab00000,0x00000000eab00000,0x00000000ecb80000)
  from space 5120K, 86% used [0x00000000ecb80000,0x00000000ecfd5e68,0x00000000ed080000)
  to   space 5120K, 0% used [0x00000000ed080000,0x00000000ed080000,0x00000000ed580000)
 ParOldGen       total 87552K, used 8K [0x00000000c0000000, 0x00000000c5580000, 0x00000000eab00000)
  object space 87552K, 0% used [0x00000000c0000000,0x00000000c0002000,0x00000000c5580000)
 Metaspace       used 6303K, capacity 6508K, committed 6784K, reserved 1056768K
  class space    used 814K, capacity 868K, committed 896K, reserved 1048576K
}
Event: 3.179 GC heap before
{Heap before GC invocations=2 (full 0):
 PSYoungGen      total 38400K, used 37719K [0x00000000eab00000, 0x00000000ed580000, 0x0000000100000000)
  eden space 33280K, 100% used [0x00000000eab00000,0x00000000ecb80000,0x00000000ecb80000)
  from space 5120K, 86% used [0x00000000ecb80000,0x00000000ecfd5e68,0x00000000ed080000)
  to   space 5120K, 0% used [0x00000000ed080000,0x00000000ed080000,0x00000000ed580000)
 ParOldGen       total 87552K, used 8K [0x00000000c0000000, 0x00000000c5580000, 0x00000000eab00000)
  object space 87552K, 0% used [0x00000000c0000000,0x00000000c0002000,0x00000000c5580000)
 Metaspace       used 12591K, capacity 12940K, committed 13184K, reserved 1060864K
  class space    used 1711K, capacity 1844K, committed 1920K, reserved 1048576K
Event: 3.188 GC heap after
Heap after GC invocations=2 (full 0):
 PSYoungGen      total 38400K, used 5114K [0x00000000eab00000, 0x00000000ed580000, 0x0000000100000000)
  eden space 33280K, 0% used [0x00000000eab00000,0x00000000eab00000,0x00000000ecb80000)
  from space 5120K, 99% used [0x00000000ed080000,0x00000000ed57e938,0x00000000ed580000)
  to   space 5120K, 0% used [0x00000000ecb80000,0x00000000ecb80000,0x00000000ed080000)
 ParOldGen       total 87552K, used 1062K [0x00000000c0000000, 0x00000000c5580000, 0x00000000eab00000)
  object space 87552K, 1% used [0x00000000c0000000,0x00000000c01099e0,0x00000000c5580000)
 Metaspace       used 12591K, capacity 12940K, committed 13184K, reserved 1060864K
  class space    used 1711K, capacity 1844K, committed 1920K, reserved 1048576K
}
Event: 4.003 GC heap before
{Heap before GC invocations=3 (full 0):
 PSYoungGen      total 38400K, used 38394K [0x00000000eab00000, 0x00000000ed580000, 0x0000000100000000)
  eden space 33280K, 100% used [0x00000000eab00000,0x00000000ecb80000,0x00000000ecb80000)
  from space 5120K, 99% used [0x00000000ed080000,0x00000000ed57e938,0x00000000ed580000)
  to   space 5120K, 0% used [0x00000000ecb80000,0x00000000ecb80000,0x00000000ed080000)
 ParOldGen       total 87552K, used 1062K [0x00000000c0000000, 0x00000000c5580000, 0x00000000eab00000)
  object space 87552K, 1% used [0x00000000c0000000,0x00000000c01099e0,0x00000000c5580000)
 Metaspace       used 18704K, capacity 19064K, committed 19328K, reserved 1067008K
  class space    used 2535K, capacity 2648K, committed 2688K, reserved 1048576K
Event: 4.031 GC heap after
Heap after GC invocations=3 (full 0):
 PSYoungGen      total 38400K, used 5097K [0x00000000eab00000, 0x00000000ed580000, 0x0000000100000000)
  eden space 33280K, 0% used [0x00000000eab00000,0x00000000eab00000,0x00000000ecb80000)
  from space 5120K, 99% used [0x00000000ecb80000,0x00000000ed07a630,0x00000000ed080000)
  to   space 5120K, 0% used [0x00000000ed080000,0x00000000ed080000,0x00000000ed580000)
 ParOldGen       total 87552K, used 5865K [0x00000000c0000000, 0x00000000c5580000, 0x00000000eab00000)
  object space 87552K, 6% used [0x00000000c0000000,0x00000000c05ba570,0x00000000c5580000)
 Metaspace       used 18704K, capacity 19064K, committed 19328K, reserved 1067008K
  class space    used 2535K, capacity 2648K, committed 2688K, reserved 1048576K
}

Deoptimization events (10 events):
Event: 3.771 Thread 0x0000000017cc9800 Uncommon trap: reason=unstable_if action=reinterpret pc=0x0000000002ea53d8 method=java.lang.AbstractStringBuilder.append(Ljava/lang/String;)Ljava/lang/AbstractStringBuilder; @ 1
Event: 3.898 Thread 0x0000000017cc9800 Uncommon trap: reason=bimorphic action=maybe_recompile pc=0x000000000310a948 method=java.lang.ClassLoader.loadClass(Ljava/lang/String;Z)Ljava/lang/Class; @ 38
Event: 3.898 Thread 0x0000000017cc9800 Uncommon trap: reason=bimorphic action=maybe_recompile pc=0x000000000310a948 method=java.lang.ClassLoader.loadClass(Ljava/lang/String;Z)Ljava/lang/Class; @ 38
Event: 3.904 Thread 0x0000000017cc9800 Uncommon trap: reason=class_check action=maybe_recompile pc=0x0000000002e3e69c method=sun.misc.URLClassPath.getLoader(I)Lsun/misc/URLClassPath$Loader; @ 94
Event: 3.904 Thread 0x0000000017cc9800 Uncommon trap: reason=class_check action=maybe_recompile pc=0x0000000002f4996c method=sun.misc.URLClassPath.getResource(Ljava/lang/String;Z)Lsun/misc/Resource; @ 62
Event: 3.908 Thread 0x0000000017cc9800 Uncommon trap: reason=bimorphic action=maybe_recompile pc=0x000000000310a948 method=java.lang.ClassLoader.loadClass(Ljava/lang/String;Z)Ljava/lang/Class; @ 38
Event: 3.908 Thread 0x0000000017cc9800 Uncommon trap: reason=bimorphic action=maybe_recompile pc=0x000000000310a948 method=java.lang.ClassLoader.loadClass(Ljava/lang/String;Z)Ljava/lang/Class; @ 38
Event: 3.947 Thread 0x0000000017cc9800 Uncommon trap: reason=class_check action=maybe_recompile pc=0x0000000002e3e830 method=sun.misc.URLClassPath.getLoader(I)Lsun/misc/URLClassPath$Loader; @ 193
Event: 3.983 Thread 0x0000000017cc9800 Uncommon trap: reason=class_check action=maybe_recompile pc=0x0000000002e3e830 method=sun.misc.URLClassPath.getLoader(I)Lsun/misc/URLClassPath$Loader; @ 193
Event: 4.000 Thread 0x0000000017cc9800 Uncommon trap: reason=class_check action=maybe_recompile pc=0x0000000002e3e830 method=sun.misc.URLClassPath.getLoader(I)Lsun/misc/URLClassPath$Loader; @ 193

Internal exceptions (10 events):
Event: 4.033 Thread 0x0000000017cc9800 Exception <a 'java/lang/ClassNotFoundException': groovy/lang/Closure$1BeanInfo> (0x00000000eab26dd8) thrown at [C:\workspace\8-2-build-windows-amd64-cygwin\jdk8u65\4987\hotspot\src\share\vm\classfile\systemDictionary.cpp, line 210]
Event: 4.034 Thread 0x0000000017cc9800 Exception <a 'java/lang/ClassNotFoundException': groovy/lang/ClosureBeanInfo> (0x00000000eab3aa58) thrown at [C:\workspace\8-2-build-windows-amd64-cygwin\jdk8u65\4987\hotspot\src\share\vm\classfile\systemDictionary.cpp, line 210]
Event: 4.036 Thread 0x0000000017cc9800 Exception <a 'java/lang/ClassNotFoundException': groovy/lang/ClosureCustomizer> (0x00000000eab4ee80) thrown at [C:\workspace\8-2-build-windows-amd64-cygwin\jdk8u65\4987\hotspot\src\share\vm\classfile\systemDictionary.cpp, line 210]
Event: 4.043 Thread 0x0000000017cc9800 Exception <a 'java/lang/ClassNotFoundException': groovy/lang/Closure$1Customizer> (0x00000000eabaf520) thrown at [C:\workspace\8-2-build-windows-amd64-cygwin\jdk8u65\4987\hotspot\src\share\vm\classfile\systemDictionary.cpp, line 210]
Event: 4.128 Thread 0x0000000017cc9800 Exception <a 'java/lang/ClassNotFoundException': org/gradle/invocation/DefaultGradle_DecoratedBeanInfo> (0x00000000eafe9e48) thrown at [C:\workspace\8-2-build-windows-amd64-cygwin\jdk8u65\4987\hotspot\src\share\vm\classfile\systemDictionary.cpp, line 210]
Event: 4.129 Thread 0x0000000017cc9800 Exception <a 'java/lang/ClassNotFoundException': org/gradle/invocation/DefaultGradleBeanInfo> (0x00000000eb004af0) thrown at [C:\workspace\8-2-build-windows-amd64-cygwin\jdk8u65\4987\hotspot\src\share\vm\classfile\systemDictionary.cpp, line 210]
Event: 4.130 Thread 0x0000000017cc9800 Exception <a 'java/lang/ClassNotFoundException': org/gradle/api/internal/project/AbstractPluginAwareBeanInfo> (0x00000000eb0251c8) thrown at [C:\workspace\8-2-build-windows-amd64-cygwin\jdk8u65\4987\hotspot\src\share\vm\classfile\systemDictionary.cpp, line
Event: 4.130 Thread 0x0000000017cc9800 Exception <a 'java/lang/ClassNotFoundException': org/gradle/api/internal/project/AbstractPluginAwareCustomizer> (0x00000000eb045f50) thrown at [C:\workspace\8-2-build-windows-amd64-cygwin\jdk8u65\4987\hotspot\src\share\vm\classfile\systemDictionary.cpp, liPÛü‡@
Event: 4.132 Thread 0x0000000017cc9800 Exception <a 'java/lang/ClassNotFoundException': org/gradle/invocation/DefaultGradleCustomizer> (0x00000000eb067600) thrown at [C:\workspace\8-2-build-windows-amd64-cygwin\jdk8u65\4987\hotspot\src\share\vm\classfile\systemDictionary.cpp, line 210]
Event: 4.136 Thread 0x0000000017cc9800 Exception <a 'java/lang/ClassNotFoundException': org/gradle/invocation/DefaultGradle_DecoratedCustomizer> (0x00000000eb0a8d78) thrown at [C:\workspace\8-2-build-windows-amd64-cygwin\jdk8u65\4987\hotspot\src\share\vm\classfile\systemDictionary.cpp, line 210Cæ*Ç´!@

Events (10 events):
Event: 4.132 loading class org/gradle/invocation/DefaultGradleCustomizer
Event: 4.132 loading class org/gradle/invocation/DefaultGradleCustomizer done
Event: 4.134 loading class org/gradle/invocation/DefaultGradle_DecoratedCustomizer
Event: 4.134 loading class org/gradle/invocation/DefaultGradle_DecoratedCustomizer done
Event: 4.135 loading class org/gradle/invocation/DefaultGradle_DecoratedCustomizer
Event: 4.135 loading class org/gradle/invocation/DefaultGradle_DecoratedCustomizer done
Event: 4.135 loading class org/gradle/invocation/DefaultGradle_DecoratedCustomizer
Event: 4.135 loading class org/gradle/invocation/DefaultGradle_DecoratedCustomizer done
Event: 4.136 loading class org/gradle/invocation/DefaultGradle_DecoratedCustomizer
Event: 4.136 loading class org/gradle/invocation/DefaultGradle_DecoratedCustomizer done


Dynamic libraries:
0x00007ff622cb0000 - 0x00007ff622ce7000 	C:\Program Files\Java\jdk1.8.0_65\bin\java.exe
0x00007ff91a1b0000 - 0x00007ff91a381000 	C:\WINDOWS\SYSTEM32\ntdll.dll
0x00007ff9190e0000 - 0x00007ff91918b000 	C:\WINDOWS\System32\KERNEL32.DLL
0x00007ff900b00000 - 0x00007ff900b33000 	C:\Program Files\AVAST Software\Avast\x64\aswhooka.dll
0x00007ff917520000 - 0x00007ff91773d000 	C:\WINDOWS\System32\KERNELBASE.dll
0x00007ff918f70000 - 0x00007ff919012000 	C:\WINDOWS\System32\ADVAPI32.dll
0x00007ff9177a0000 - 0x00007ff91783e000 	C:\WINDOWS\System32\msvcrt.dll
0x00007ff918f10000 - 0x00007ff918f69000 	C:\WINDOWS\System32\sechost.dll
0x00007ff919840000 - 0x00007ff919961000 	C:\WINDOWS\System32\RPCRT4.dll
0x00007ff9196d0000 - 0x00007ff919835000 	C:\WINDOWS\System32\USER32.dll
0x00007ff917080000 - 0x00007ff91709e000 	C:\WINDOWS\System32\win32u.dll
0x00007ff919970000 - 0x00007ff9199a4000 	C:\WINDOWS\System32\GDI32.dll
0x00007ff9171c0000 - 0x00007ff917342000 	C:\WINDOWS\System32\gdi32full.dll
0x00007ff90a400000 - 0x00007ff90a679000 	C:\WINDOWS\WinSxS\amd64_microsoft.windows.common-controls_6595b64144ccf1df_6.0.14393.447_none_42191651c6827bb3\COMCTL32.dll
0x00007ff919330000 - 0x00007ff9195f8000 	C:\WINDOWS\System32\combase.dll
0x00007ff916ed0000 - 0x00007ff916fc5000 	C:\WINDOWS\System32\ucrtbase.dll
0x00007ff9170f0000 - 0x00007ff91715a000 	C:\WINDOWS\System32\bcryptPrimitives.dll
0x00007ff917850000 - 0x00007ff91787e000 	C:\WINDOWS\System32\IMM32.DLL
0x0000000072350000 - 0x0000000072422000 	C:\Program Files\Java\jdk1.8.0_65\jre\bin\msvcr100.dll
0x0000000072810000 - 0x0000000073099000 	C:\Program Files\Java\jdk1.8.0_65\jre\bin\server\jvm.dll
0x00007ff917880000 - 0x00007ff917888000 	C:\WINDOWS\System32\PSAPI.DLL
0x00007ff9121b0000 - 0x00007ff9121b9000 	C:\WINDOWS\SYSTEM32\WSOCK32.dll
0x00007ff91a140000 - 0x00007ff91a1aa000 	C:\WINDOWS\System32\WS2_32.dll
0x00007ff914990000 - 0x00007ff9149b3000 	C:\WINDOWS\SYSTEM32\WINMM.dll
0x00007ff904c60000 - 0x00007ff904c6a000 	C:\WINDOWS\SYSTEM32\VERSION.dll
0x00007ff914960000 - 0x00007ff91498b000 	C:\WINDOWS\SYSTEM32\WINMMBASE.dll
0x00007ff9170a0000 - 0x00007ff9170e2000 	C:\WINDOWS\System32\cfgmgr32.dll
0x0000000072800000 - 0x000000007280f000 	C:\Program Files\Java\jdk1.8.0_65\jre\bin\verify.dll
0x00000000727d0000 - 0x00000000727f9000 	C:\Program Files\Java\jdk1.8.0_65\jre\bin\java.dll
0x00000000727b0000 - 0x00000000727c6000 	C:\Program Files\Java\jdk1.8.0_65\jre\bin\zip.dll
0x00007ff917890000 - 0x00007ff918d99000 	C:\WINDOWS\System32\SHELL32.dll
0x00007ff916750000 - 0x00007ff916e2a000 	C:\WINDOWS\System32\windows.storage.dll
0x00007ff916650000 - 0x00007ff91669c000 	C:\WINDOWS\System32\powrprof.dll
0x00007ff917740000 - 0x00007ff917792000 	C:\WINDOWS\System32\shlwapi.dll
0x00007ff916640000 - 0x00007ff91664f000 	C:\WINDOWS\System32\kernel.appcore.dll
0x00007ff9166a0000 - 0x00007ff916749000 	C:\WINDOWS\System32\shcore.dll
0x00007ff916610000 - 0x00007ff916624000 	C:\WINDOWS\System32\profapi.dll
0x0000000072790000 - 0x00000000727aa000 	C:\Program Files\Java\jdk1.8.0_65\jre\bin\net.dll
0x00007ff915f40000 - 0x00007ff915f9c000 	C:\WINDOWS\system32\mswsock.dll
0x0000000072770000 - 0x0000000072781000 	C:\Program Files\Java\jdk1.8.0_65\jre\bin\nio.dll
0x00007ff90fcb0000 - 0x00007ff90fcc2000 	C:\Users\±è½ÂÈÆ\.gradle\native\19\windows-amd64\native-platform.dll
0x00007ff9160f0000 - 0x00007ff916107000 	C:\WINDOWS\SYSTEM32\CRYPTSP.dll
0x00007ff915b50000 - 0x00007ff915b83000 	C:\WINDOWS\system32\rsaenh.dll
0x00007ff9161f0000 - 0x00007ff91621b000 	C:\WINDOWS\SYSTEM32\bcrypt.dll
0x00007ff915dc0000 - 0x00007ff915ddf000 	C:\WINDOWS\SYSTEM32\USERENV.dll
0x00007ff9160e0000 - 0x00007ff9160eb000 	C:\WINDOWS\SYSTEM32\CRYPTBASE.dll
0x00007ff915cd0000 - 0x00007ff915d08000 	C:\WINDOWS\SYSTEM32\IPHLPAPI.DLL
0x00007ff917840000 - 0x00007ff917848000 	C:\WINDOWS\System32\NSI.dll
0x00007ff90f170000 - 0x00007ff90f186000 	C:\WINDOWS\SYSTEM32\dhcpcsvc6.DLL
0x00007ff90f150000 - 0x00007ff90f16a000 	C:\WINDOWS\SYSTEM32\dhcpcsvc.DLL
0x0000000072570000 - 0x000000007257d000 	C:\Program Files\Java\jdk1.8.0_65\jre\bin\management.dll

VM Arguments:
jvm_args: -XX:MaxPermSize=256m -XX:+HeapDumpOnOutOfMemoryError -Xmx1024m -Dfile.encoding=x-windows-949 -Duser.country=KR -Duser.language=ko -Duser.variant 
java_command: org.gradle.launcher.daemon.bootstrap.GradleDaemon 2.14.1
java_class_path (initial): C:\Program Files\Android\Android Studio\gradle\gradle-2.14.1\lib\gradle-launcher-2.14.1.jar
Launcher Type: SUN_STANDARD

Environment Variables:
JAVA_HOME=C:\Program Files\Java\jdk1.8.0_65
CLASSPATH=.;C:\Program Files\Java\jdk1.8.0_65\lib\tools.jar
PATH=C:\Program Files\Java\jdk1.8.0_65\bin;C:\ProgramData\Oracle\Java\javapath;C:\Program Files (x86)\Wizvera\Delfino;C:\Program Files (x86)\Intel\iCLS Client\;C:\Program Files\Intel\iCLS Client\;C:\WINDOWS\system32;C:\WINDOWS;C:\WINDOWS\System32\Wbem;C:\WINDOWS\System32\WindowsPowerShell\v1.0\;C:\Program Files (x86)\Windows Live\Shared;C:\Program Files\Intel\Intel(R) Management Engine Components\DAL;C:\Program Files (x86)\Intel\Intel(R) Management Engine Components\DAL;C:\Program Files\Intel\Intel(R) Management Engine Components\IPT;C:\Program Files (x86)\Intel\Intel(R) Management Engine Components\IPT;C:\Program Files\Intel\WiFi\bin\;C:\Program Files\Common Files\Intel\WirelessCommon\;C:\WINDOWS\system32\config\systemprofile\.dnx\bin;C:\Program Files\Microsoft DNX\Dnvm\;c:\Program Files\Microsoft SQL Server\100\DTS\;c:\Program Files\java\jdk1.8.0_65\bin;C:\Program Files\Bandizip\7z;C:\Users\±è½ÂÈÆ\AppData\Local\Microsoft\WindowsApps;C:\Users\±è½ÂÈÆ\AppData\Local\atom\bin
USERNAME=±è½ÂÈÆ
OS=Windows_NT
PROCESSOR_IDENTIFIER=Intel64 Family 6 Model 61 Stepping 4, GenuineIntel



---------------  S Y S T E M  ---------------

OS: Windows 10.0 , 64 bit Build 14393 (10.0.14393.0)

CPU:total 4 (2 cores per cpu, 2 threads per core) family 6 model 61 stepping 4, cmov, cx8, fxsr, mmx, sse, sse2, sse3, ssse3, sse4.1, sse4.2, popcnt, avx, avx2, aes, clmul, erms, 3dnowpref, lzcnt, ht, tsc, tscinvbit, bmi1, bmi2, adx

Memory: 4k page, physical 8292268k(1140900k free), swap 14032040k(7024k free)

vm_info: Java HotSpot(TM) 64-Bit Server VM (25.65-b01) for windows-amd64 JRE (1.8.0_65-b17), built on Oct  6 2015 16:39:20 by "java_re" with MS VC++ 10.0 (VS2010)

time: Sat Feb 18 06:13:17 2017
elapsed time: 4 seconds (0d 0h 0m 4s)

