#
# There is insufficient memory for the Java Runtime Environment to continue.
# Native memory allocation (malloc) failed to allocate 32744 bytes for ChunkPool::allocate
# Possible reasons:
#   The system is out of physical RAM or swap space
#   In 32 bit mode, the process size limit was hit
# Possible solutions:
#   Reduce memory load on the system
#   Increase physical memory or swap space
#   Check if swap backing store is full
#   Use 64 bit Java on a 64 bit OS
#   Decrease Java heap size (-Xmx/-Xms)
#   Decrease number of Java threads
#   Decrease Java thread stack sizes (-Xss)
#   Set larger code cache with -XX:ReservedCodeCacheSize=
# This output file may be truncated or incomplete.
#
#  Out of Memory Error (allocation.cpp:273), pid=7268, tid=8616
#
# JRE version: Java(TM) SE Runtime Environment (8.0_65-b17) (build 1.8.0_65-b17)
# Java VM: Java HotSpot(TM) 64-Bit Server VM (25.65-b01 mixed mode windows-amd64 compressed oops)
# Failed to write core dump. Minidumps are not enabled by default on client versions of Windows
#

---------------  T H R E A D  ---------------

Current thread (0x0000000014eec800):  JavaThread "C2 CompilerThread0" daemon [_thread_in_native, id=8616, stack(0x00000000163e0000,0x00000000164e0000)]

Stack: [0x00000000163e0000,0x00000000164e0000]
[error occurred during error reporting (printing stack bounds), id 0xc0000005]

Native frames: (J=compiled Java code, j=interpreted, Vv=VM code, C=native code)


Current CompileTask:
C2:  21707 4257       4       com.sun.beans.TypeResolver::resolve (37 bytes)


---------------  P R O C E S S  ---------------

Java Threads: ( => current thread )
  0x0000000017349000 JavaThread "File lock request listener" [_thread_in_native, id=7900, stack(0x000000001bcc0000,0x000000001bdc0000)]
  0x0000000017f4a800 JavaThread "Stdin handler" [_thread_blocked, id=5548, stack(0x0000000019420000,0x0000000019520000)]
  0x0000000017f49800 JavaThread "Asynchronous log dispatcher for org.gradle.launcher.daemon.server.DefaultDaemonConnection@209ed270" [_thread_blocked, id=13968, stack(0x0000000019320000,0x0000000019420000)]
  0x0000000017f2c800 JavaThread "Daemon worker" [_thread_in_Java, id=6540, stack(0x0000000019020000,0x0000000019120000)]
  0x0000000017f2b800 JavaThread "Cancel handler" [_thread_blocked, id=14308, stack(0x0000000018f20000,0x0000000019020000)]
  0x000000001778f000 JavaThread "Handler for socket connection from /127.0.0.1:9687 to /127.0.0.1:9688" [_thread_in_native, id=13948, stack(0x0000000018e20000,0x0000000018f20000)]
  0x0000000017bbe800 JavaThread "Daemon" [_thread_blocked, id=440, stack(0x0000000018d20000,0x0000000018e20000)]
  0x0000000017761800 JavaThread "Incoming local TCP Connector on port 9687" [_thread_in_native, id=14276, stack(0x0000000018850000,0x0000000018950000)]
  0x000000001775e000 JavaThread "pool-1-thread-1" [_thread_blocked, id=9792, stack(0x00000000174e0000,0x00000000175e0000)]
  0x0000000016552800 JavaThread "Service Thread" daemon [_thread_blocked, id=3248, stack(0x0000000016ae0000,0x0000000016be0000)]
  0x000000001652c000 JavaThread "C1 CompilerThread2" daemon [_thread_in_native, id=8108, stack(0x00000000169e0000,0x0000000016ae0000)]
  0x00000000164e0800 JavaThread "C2 CompilerThread1" daemon [_thread_in_native, id=12044, stack(0x00000000168e0000,0x00000000169e0000)]
=>0x0000000014eec800 JavaThread "C2 CompilerThread0" daemon [_thread_in_native, id=8616, stack(0x00000000163e0000,0x00000000164e0000)]
  0x0000000014eeb000 JavaThread "Attach Listener" daemon [_thread_blocked, id=10904, stack(0x00000000162e0000,0x00000000163e0000)]
  0x0000000014e9f800 JavaThread "Signal Dispatcher" daemon [_thread_blocked, id=1712, stack(0x00000000161e0000,0x00000000162e0000)]
  0x0000000002727000 JavaThread "Finalizer" daemon [_thread_blocked, id=304, stack(0x00000000160e0000,0x00000000161e0000)]
  0x000000000271e000 JavaThread "Reference Handler" daemon [_thread_blocked, id=6272, stack(0x0000000015fe0000,0x00000000160e0000)]
  0x00000000027be000 JavaThread "main" [_thread_blocked, id=10928, stack(0x0000000002160000,0x0000000002260000)]

Other Threads:
  0x0000000014e58000 VMThread [stack: 0x0000000015ee0000,0x0000000015fe0000] [id=11724]
  0x000000001658f800 WatcherThread [stack: 0x0000000016be0000,0x0000000016ce0000] [id=6812]

VM state:not at safepoint (normal execution)

VM Mutex/Monitor currently owned by a thread: None

Heap:
 PSYoungGen      total 163328K, used 22643K [0x00000000eab00000, 0x00000000f5e00000, 0x0000000100000000)
  eden space 151040K, 14% used [0x00000000eab00000,0x00000000ec11cc68,0x00000000f3e80000)
  from space 12288K, 0% used [0x00000000f4b80000,0x00000000f4b80000,0x00000000f5780000)
  to   space 13312K, 0% used [0x00000000f3e80000,0x00000000f3e80000,0x00000000f4b80000)
 ParOldGen       total 88064K, used 18643K [0x00000000c0000000, 0x00000000c5600000, 0x00000000eab00000)
  object space 88064K, 21% used [0x00000000c0000000,0x00000000c1234c60,0x00000000c5600000)
 Metaspace       used 35196K, capacity 35802K, committed 36224K, reserved 1081344K
  class space    used 4782K, capacity 4920K, committed 4992K, reserved 1048576K

Card table byte_map: [0x0000000011b80000,0x0000000011d90000] byte_map_base: 0x0000000011580000

Marking Bits: (ParMarkBitMap*) 0x000000007301a5b0
 Begin Bits: [0x00000000122f0000, 0x00000000132f0000)
 End Bits:   [0x00000000132f0000, 0x00000000142f0000)

Polling page: 0x00000000008d0000

CodeCache: size=245760Kb used=15058Kb max_used=15118Kb free=230701Kb
 bounds [0x00000000027c0000, 0x00000000036a0000, 0x00000000117c0000]
 total_blobs=4740 nmethods=4067 adapters=584
 compilation: enabled

Compilation events (10 events):
Event: 21.657 Thread 0x000000001652c000 4377       2       sun.reflect.generics.visitor.Reifier::visitVoidDescriptor (14 bytes)
Event: 21.658 Thread 0x000000001652c000 nmethod 4377 0x0000000002961790 code [0x00000000029618e0, 0x0000000002961a90]
Event: 21.662 Thread 0x000000001652c000 4378       2       java.beans.FeatureDescriptor::<init> (69 bytes)
Event: 21.663 Thread 0x000000001652c000 nmethod 4378 0x0000000002c90750 code [0x0000000002c90900, 0x0000000002c90db8]
Event: 21.679 Thread 0x000000001652c000 4379       2       java.util.ComparableTimSort::countRunAndMakeAscending (123 bytes)
Event: 21.680 Thread 0x000000001652c000 nmethod 4379 0x0000000002a8d4d0 code [0x0000000002a8d6a0, 0x0000000002a8dce8]
Event: 21.689 Thread 0x000000001652c000 4380       2       java.beans.PropertyDescriptor::<init> (112 bytes)
Event: 21.690 Thread 0x000000001652c000 nmethod 4380 0x0000000002a8cd90 code [0x0000000002a8cf40, 0x0000000002a8d2e8]
Event: 21.690 Thread 0x000000001652c000 4381   !   2       java.beans.PropertyDescriptor::updateGenericsFor (37 bytes)
Event: 21.690 Thread 0x000000001652c000 nmethod 4381 0x000000000290fc10 code [0x000000000290fde0, 0x00000000029102f8]

GC Heap History (10 events):
Event: 13.645 GC heap before
{Heap before GC invocations=6 (full 1):
 PSYoungGen      total 71680K, used 66560K [0x00000000eab00000, 0x00000000ef600000, 0x0000000100000000)
  eden space 66560K, 100% used [0x00000000eab00000,0x00000000eec00000,0x00000000eec00000)
  from space 5120K, 0% used [0x00000000ef100000,0x00000000ef100000,0x00000000ef600000)
  to   space 5120K, 0% used [0x00000000eec00000,0x00000000eec00000,0x00000000ef100000)
 ParOldGen       total 59392K, used 8622K [0x00000000c0000000, 0x00000000c3a00000, 0x00000000eab00000)
  object space 59392K, 14% used [0x00000000c0000000,0x00000000c086b960,0x00000000c3a00000)
 Metaspace       used 26191K, capacity 26586K, committed 26880K, reserved 1073152K
  class space    used 3667K, capacity 3761K, committed 3840K, reserved 1048576K
Event: 13.660 GC heap after
Heap after GC invocations=6 (full 1):
 PSYoungGen      total 71680K, used 5105K [0x00000000eab00000, 0x00000000f2600000, 0x0000000100000000)
  eden space 66560K, 0% used [0x00000000eab00000,0x00000000eab00000,0x00000000eec00000)
  from space 5120K, 99% used [0x00000000eec00000,0x00000000ef0fc470,0x00000000ef100000)
  to   space 10240K, 0% used [0x00000000f1c00000,0x00000000f1c00000,0x00000000f2600000)
 ParOldGen       total 59392K, used 11141K [0x00000000c0000000, 0x00000000c3a00000, 0x00000000eab00000)
  object space 59392K, 18% used [0x00000000c0000000,0x00000000c0ae1748,0x00000000c3a00000)
 Metaspace       used 26191K, capacity 26586K, committed 26880K, reserved 1073152K
  class space    used 3667K, capacity 3761K, committed 3840K, reserved 1048576K
}
Event: 15.794 GC heap before
{Heap before GC invocations=7 (full 1):
 PSYoungGen      total 71680K, used 71665K [0x00000000eab00000, 0x00000000f2600000, 0x0000000100000000)
  eden space 66560K, 100% used [0x00000000eab00000,0x00000000eec00000,0x00000000eec00000)
  from space 5120K, 99% used [0x00000000eec00000,0x00000000ef0fc470,0x00000000ef100000)
  to   space 10240K, 0% used [0x00000000f1c00000,0x00000000f1c00000,0x00000000f2600000)
 ParOldGen       total 59392K, used 11141K [0x00000000c0000000, 0x00000000c3a00000, 0x00000000eab00000)
  object space 59392K, 18% used [0x00000000c0000000,0x00000000c0ae1748,0x00000000c3a00000)
 Metaspace       used 28523K, capacity 29052K, committed 29184K, reserved 1075200K
  class space    used 3933K, capacity 4090K, committed 4096K, reserved 1048576K
Event: 15.808 GC heap after
Heap after GC invocations=7 (full 1):
 PSYoungGen      total 108544K, used 5913K [0x00000000eab00000, 0x00000000f2280000, 0x0000000100000000)
  eden space 101888K, 0% used [0x00000000eab00000,0x00000000eab00000,0x00000000f0e80000)
  from space 6656K, 88% used [0x00000000f1c00000,0x00000000f21c6418,0x00000000f2280000)
  to   space 10240K, 0% used [0x00000000f0e80000,0x00000000f0e80000,0x00000000f1880000)
 ParOldGen       total 59392K, used 11149K [0x00000000c0000000, 0x00000000c3a00000, 0x00000000eab00000)
  object space 59392K, 18% used [0x00000000c0000000,0x00000000c0ae3748,0x00000000c3a00000)
 Metaspace       used 28523K, capacity 29052K, committed 29184K, reserved 1075200K
  class space    used 3933K, capacity 4090K, committed 4096K, reserved 1048576K
}
Event: 20.386 GC heap before
{Heap before GC invocations=8 (full 1):
 PSYoungGen      total 108544K, used 107801K [0x00000000eab00000, 0x00000000f2280000, 0x0000000100000000)
  eden space 101888K, 100% used [0x00000000eab00000,0x00000000f0e80000,0x00000000f0e80000)
  from space 6656K, 88% used [0x00000000f1c00000,0x00000000f21c6418,0x00000000f2280000)
  to   space 10240K, 0% used [0x00000000f0e80000,0x00000000f0e80000,0x00000000f1880000)
 ParOldGen       total 59392K, used 11149K [0x00000000c0000000, 0x00000000c3a00000, 0x00000000eab00000)
  object space 59392K, 18% used [0x00000000c0000000,0x00000000c0ae3748,0x00000000c3a00000)
 Metaspace       used 32610K, capacity 33228K, committed 33664K, reserved 1079296K
  class space    used 4442K, capacity 4623K, committed 4736K, reserved 1048576K
Event: 20.432 GC heap after
Heap after GC invocations=8 (full 1):
 PSYoungGen      total 112128K, used 10234K [0x00000000eab00000, 0x00000000f5780000, 0x0000000100000000)
  eden space 101888K, 0% used [0x00000000eab00000,0x00000000eab00000,0x00000000f0e80000)
  from space 10240K, 99% used [0x00000000f0e80000,0x00000000f187e970,0x00000000f1880000)
  to   space 12288K, 0% used [0x00000000f4b80000,0x00000000f4b80000,0x00000000f5780000)
 ParOldGen       total 59392K, used 12890K [0x00000000c0000000, 0x00000000c3a00000, 0x00000000eab00000)
  object space 59392K, 21% used [0x00000000c0000000,0x00000000c0c96b80,0x00000000c3a00000)
 Metaspace       used 32610K, capacity 33228K, committed 33664K, reserved 1079296K
  class space    used 4442K, capacity 4623K, committed 4736K, reserved 1048576K
}
Event: 21.025 GC heap before
{Heap before GC invocations=9 (full 1):
 PSYoungGen      total 112128K, used 29464K [0x00000000eab00000, 0x00000000f5780000, 0x0000000100000000)
  eden space 101888K, 18% used [0x00000000eab00000,0x00000000ebdc7a08,0x00000000f0e80000)
  from space 10240K, 99% used [0x00000000f0e80000,0x00000000f187e970,0x00000000f1880000)
  to   space 12288K, 0% used [0x00000000f4b80000,0x00000000f4b80000,0x00000000f5780000)
 ParOldGen       total 59392K, used 12890K [0x00000000c0000000, 0x00000000c3a00000, 0x00000000eab00000)
  object space 59392K, 21% used [0x00000000c0000000,0x00000000c0c96b80,0x00000000c3a00000)
 Metaspace       used 34645K, capacity 35172K, committed 35456K, reserved 1079296K
  class space    used 4706K, capacity 4883K, committed 4992K, reserved 1048576K
Event: 21.047 GC heap after
Heap after GC invocations=9 (full 1):
 PSYoungGen      total 163328K, used 11725K [0x00000000eab00000, 0x00000000f5e00000, 0x0000000100000000)
  eden space 151040K, 0% used [0x00000000eab00000,0x00000000eab00000,0x00000000f3e80000)
  from space 12288K, 95% used [0x00000000f4b80000,0x00000000f56f3420,0x00000000f5780000)
  to   space 13312K, 0% used [0x00000000f3e80000,0x00000000f3e80000,0x00000000f4b80000)
 ParOldGen       total 59392K, used 12898K [0x00000000c0000000, 0x00000000c3a00000, 0x00000000eab00000)
  object space 59392K, 21% used [0x00000000c0000000,0x00000000c0c98b80,0x00000000c3a00000)
 Metaspace       used 34645K, capacity 35172K, committed 35456K, reserved 1079296K
  class space    used 4706K, capacity 4883K, committed 4992K, reserved 1048576K
}
Event: 21.047 GC heap before
{Heap before GC invocations=10 (full 2):
 PSYoungGen      total 163328K, used 11725K [0x00000000eab00000, 0x00000000f5e00000, 0x0000000100000000)
  eden space 151040K, 0% used [0x00000000eab00000,0x00000000eab00000,0x00000000f3e80000)
  from space 12288K, 95% used [0x00000000f4b80000,0x00000000f56f3420,0x00000000f5780000)
  to   space 13312K, 0% used [0x00000000f3e80000,0x00000000f3e80000,0x00000000f4b80000)
 ParOldGen       total 59392K, used 12898K [0x00000000c0000000, 0x00000000c3a00000, 0x00000000eab00000)
  object space 59392K, 21% used [0x00000000c0000000,0x00000000c0c98b80,0x00000000c3a00000)
 Metaspace       used 34645K, capacity 35172K, committed 35456K, reserved 1079296K
  class space    used 4706K, capacity 4883K, committed 4992K, reserved 1048576K
Event: 21.225 GC heap after
Heap after GC invocations=10 (full 2):
 PSYoungGen      total 163328K, used 0K [0x00000000eab00000, 0x00000000f5e00000, 0x0000000100000000)
  eden space 151040K, 0% used [0x00000000eab00000,0x00000000eab00000,0x00000000f3e80000)
  from space 12288K, 0% used [0x00000000f4b80000,0x00000000f4b80000,0x00000000f5780000)
  to   space 13312K, 0% used [0x00000000f3e80000,0x00000000f3e80000,0x00000000f4b80000)
 ParOldGen       total 88064K, used 18643K [0x00000000c0000000, 0x00000000c5600000, 0x00000000eab00000)
  object space 88064K, 21% used [0x00000000c0000000,0x00000000c1234c60,0x00000000c5600000)
 Metaspace       used 34645K, capacity 35172K, committed 35456K, reserved 1079296K
  class space    used 4706K, capacity 4883K, committed 4992K, reserved 1048576K
}

Deoptimization events (10 events):
Event: 20.254 Thread 0x0000000017f2c800 Uncommon trap: reason=class_check action=maybe_recompile pc=0x0000000003637ea8 method=com.google.common.collect.AbstractMapBasedMultimap$WrappedCollection$WrappedIterator.hasNext()Z @ 8
Event: 20.254 Thread 0x0000000017f2c800 Uncommon trap: reason=class_check action=maybe_recompile pc=0x0000000003637ea8 method=com.google.common.collect.AbstractMapBasedMultimap$WrappedCollection$WrappedIterator.hasNext()Z @ 8
Event: 20.954 Thread 0x0000000017f2c800 Uncommon trap: reason=unstable_if action=reinterpret pc=0x00000000030a558c method=java.lang.ThreadLocal.get()Ljava/lang/Object; @ 11
Event: 21.254 Thread 0x0000000017f2c800 Uncommon trap: reason=class_check action=maybe_recompile pc=0x00000000031a2b9c method=java.util.Hashtable.put(Ljava/lang/Object;Ljava/lang/Object;)Ljava/lang/Object; @ 18
Event: 21.254 Thread 0x0000000017f2c800 Uncommon trap: reason=class_check action=maybe_recompile pc=0x00000000031a2b9c method=java.util.Hashtable.put(Ljava/lang/Object;Ljava/lang/Object;)Ljava/lang/Object; @ 18
Event: 21.254 Thread 0x0000000017f2c800 Uncommon trap: reason=class_check action=maybe_recompile pc=0x00000000031a2b9c method=java.util.Hashtable.put(Ljava/lang/Object;Ljava/lang/Object;)Ljava/lang/Object; @ 18
Event: 21.254 Thread 0x0000000017f2c800 Uncommon trap: reason=class_check action=maybe_recompile pc=0x00000000031a2b9c method=java.util.Hashtable.put(Ljava/lang/Object;Ljava/lang/Object;)Ljava/lang/Object; @ 18
Event: 21.256 Thread 0x0000000017f2c800 Uncommon trap: reason=unstable_if action=reinterpret pc=0x0000000002e646fc method=java.lang.CharacterDataLatin1.isWhitespace(I)Z @ 14
Event: 21.384 Thread 0x0000000017f2c800 Uncommon trap: reason=unstable_if action=reinterpret pc=0x00000000028e89ec method=java.security.CodeSource.getCertificates()[Ljava/security/cert/Certificate; @ 22
Event: 21.411 Thread 0x0000000017f2c800 Uncommon trap: reason=unstable_if action=reinterpret pc=0x000000000351474c method=java.util.LinkedHashMap.get(Ljava/lang/Object;)Ljava/lang/Object; @ 20

Internal exceptions (10 events):
Event: 21.656 Thread 0x0000000017f2c800 Exception <a 'java/lang/ClassNotFoundException': com/android/build/gradle/BaseExtensionCustomizer> (0x00000000ebcca150) thrown at [C:\workspace\8-2-build-windows-amd64-cygwin\jdk8u65\4987\hotspot\src\share\vm\classfile\systemDictionary.cpp, line 210]
Event: 21.660 Thread 0x0000000017f2c800 Exception <a 'java/lang/ClassNotFoundException': com/android/build/gradle/TestedExtensionCustomizer> (0x00000000ebd4c0a8) thrown at [C:\workspace\8-2-build-windows-amd64-cygwin\jdk8u65\4987\hotspot\src\share\vm\classfile\systemDictionary.cpp, line 210]
Event: 21.662 Thread 0x0000000017f2c800 Exception <a 'java/lang/ClassNotFoundException': com/android/build/gradle/AppExtensionCustomizer> (0x00000000ebd7ae98) thrown at [C:\workspace\8-2-build-windows-amd64-cygwin\jdk8u65\4987\hotspot\src\share\vm\classfile\systemDictionary.cpp, line 210]
Event: 21.664 Thread 0x0000000017f2c800 Exception <a 'java/lang/ClassNotFoundException': com/android/build/gradle/AppExtension_DecoratedCustomizer> (0x00000000ebda9660) thrown at [C:\workspace\8-2-build-windows-amd64-cygwin\jdk8u65\4987\hotspot\src\share\vm\classfile\systemDictionary.cpp, line 2*Ó4+»Ø5@
Event: 21.687 Thread 0x0000000017f2c800 Exception <a 'java/lang/ClassNotFoundException': com/android/build/gradle/internal/dsl/ProductFlavor_DecoratedBeanInfo> (0x00000000ebec7fd0) thrown at [C:\workspace\8-2-build-windows-amd64-cygwin\jdk8u65\4987\hotspot\src\share\vm\classfile\systemDictionaryK=´øÍØ5@
Event: 21.687 Thread 0x0000000017f2c800 Exception <a 'java/lang/ClassNotFoundException': com/android/build/gradle/internal/dsl/ProductFlavorBeanInfo> (0x00000000ebee21f0) thrown at [C:\workspace\8-2-build-windows-amd64-cygwin\jdk8u65\4987\hotspot\src\share\vm\classfile\systemDictionary.cpp, lineÇœ∞5@
Event: 21.688 Thread 0x0000000017f2c800 Exception <a 'java/lang/ClassNotFoundException': com/android/builder/core/DefaultProductFlavorBeanInfo> (0x00000000ebefa6c0) thrown at [C:\workspace\8-2-build-windows-amd64-cygwin\jdk8u65\4987\hotspot\src\share\vm\classfile\systemDictionary.cpp, line 210]
Event: 21.688 Thread 0x0000000017f2c800 Exception <a 'java/lang/ClassNotFoundException': com/android/builder/core/DefaultProductFlavorCustomizer> (0x00000000ebf13130) thrown at [C:\workspace\8-2-build-windows-amd64-cygwin\jdk8u65\4987\hotspot\src\share\vm\classfile\systemDictionary.cpp, line 210+πè¨∞5@
Event: 21.690 Thread 0x0000000017f2c800 Exception <a 'java/lang/ClassNotFoundException': com/android/build/gradle/internal/dsl/ProductFlavorCustomizer> (0x00000000ebf5c268) thrown at [C:\workspace\8-2-build-windows-amd64-cygwin\jdk8u65\4987\hotspot\src\share\vm\classfile\systemDictionary.cpp, liı¬ı)•±5@
Event: 21.694 Thread 0x0000000017f2c800 Exception <a 'java/lang/ClassNotFoundException': com/android/build/gradle/internal/dsl/ProductFlavor_DecoratedCustomizer> (0x00000000ebfbd4c8) thrown at [C:\workspace\8-2-build-windows-amd64-cygwin\jdk8u65\4987\hotspot\src\share\vm\classfile\systemDictiona9˝⁄ı®5@

Events (10 events):
Event: 21.688 loading class com/android/builder/core/DefaultProductFlavorCustomizer
Event: 21.688 loading class com/android/builder/core/DefaultProductFlavorCustomizer done
Event: 21.689 loading class com/android/build/gradle/internal/dsl/ProductFlavorCustomizer
Event: 21.689 loading class com/android/build/gradle/internal/dsl/ProductFlavorCustomizer done
Event: 21.690 loading class com/android/build/gradle/internal/dsl/ProductFlavorCustomizer
Event: 21.690 loading class com/android/build/gradle/internal/dsl/ProductFlavorCustomizer done
Event: 21.692 loading class com/android/build/gradle/internal/dsl/ProductFlavor_DecoratedCustomizer
Event: 21.692 loading class com/android/build/gradle/internal/dsl/ProductFlavor_DecoratedCustomizer done
Event: 21.694 loading class com/android/build/gradle/internal/dsl/ProductFlavor_DecoratedCustomizer
Event: 21.694 loading class com/android/build/gradle/internal/dsl/ProductFlavor_DecoratedCustomizer done


Dynamic libraries:
0x00007ff622cb0000 - 0x00007ff622ce7000 	C:\Program Files\Java\jdk1.8.0_65\bin\java.exe
0x00007ff91a1b0000 - 0x00007ff91a381000 	C:\WINDOWS\SYSTEM32\ntdll.dll
0x00007ff9190e0000 - 0x00007ff91918b000 	C:\WINDOWS\System32\KERNEL32.DLL
0x00007ff900b00000 - 0x00007ff900b33000 	C:\Program Files\AVAST Software\Avast\x64\aswhooka.dll
0x00007ff917520000 - 0x00007ff91773d000 	C:\WINDOWS\System32\KERNELBASE.dll
0x00007ff918f70000 - 0x00007ff919012000 	C:\WINDOWS\System32\ADVAPI32.dll
0x00007ff9177a0000 - 0x00007ff91783e000 	C:\WINDOWS\System32\msvcrt.dll
0x00007ff918f10000 - 0x00007ff918f69000 	C:\WINDOWS\System32\sechost.dll
0x00007ff919840000 - 0x00007ff919961000 	C:\WINDOWS\System32\RPCRT4.dll
0x00007ff9196d0000 - 0x00007ff919835000 	C:\WINDOWS\System32\USER32.dll
0x00007ff917080000 - 0x00007ff91709e000 	C:\WINDOWS\System32\win32u.dll
0x00007ff919970000 - 0x00007ff9199a4000 	C:\WINDOWS\System32\GDI32.dll
0x00007ff9171c0000 - 0x00007ff917342000 	C:\WINDOWS\System32\gdi32full.dll
0x00007ff90a400000 - 0x00007ff90a679000 	C:\WINDOWS\WinSxS\amd64_microsoft.windows.common-controls_6595b64144ccf1df_6.0.14393.447_none_42191651c6827bb3\COMCTL32.dll
0x00007ff919330000 - 0x00007ff9195f8000 	C:\WINDOWS\System32\combase.dll
0x00007ff916ed0000 - 0x00007ff916fc5000 	C:\WINDOWS\System32\ucrtbase.dll
0x00007ff9170f0000 - 0x00007ff91715a000 	C:\WINDOWS\System32\bcryptPrimitives.dll
0x00007ff917850000 - 0x00007ff91787e000 	C:\WINDOWS\System32\IMM32.DLL
0x00000000722b0000 - 0x0000000072382000 	C:\Program Files\Java\jdk1.8.0_65\jre\bin\msvcr100.dll
0x0000000072810000 - 0x0000000073099000 	C:\Program Files\Java\jdk1.8.0_65\jre\bin\server\jvm.dll
0x00007ff917880000 - 0x00007ff917888000 	C:\WINDOWS\System32\PSAPI.DLL
0x00007ff9121b0000 - 0x00007ff9121b9000 	C:\WINDOWS\SYSTEM32\WSOCK32.dll
0x00007ff91a140000 - 0x00007ff91a1aa000 	C:\WINDOWS\System32\WS2_32.dll
0x00007ff914990000 - 0x00007ff9149b3000 	C:\WINDOWS\SYSTEM32\WINMM.dll
0x00007ff904c60000 - 0x00007ff904c6a000 	C:\WINDOWS\SYSTEM32\VERSION.dll
0x00007ff914960000 - 0x00007ff91498b000 	C:\WINDOWS\SYSTEM32\WINMMBASE.dll
0x00007ff9170a0000 - 0x00007ff9170e2000 	C:\WINDOWS\System32\cfgmgr32.dll
0x0000000072800000 - 0x000000007280f000 	C:\Program Files\Java\jdk1.8.0_65\jre\bin\verify.dll
0x00000000727d0000 - 0x00000000727f9000 	C:\Program Files\Java\jdk1.8.0_65\jre\bin\java.dll
0x00000000727b0000 - 0x00000000727c6000 	C:\Program Files\Java\jdk1.8.0_65\jre\bin\zip.dll
0x00007ff917890000 - 0x00007ff918d99000 	C:\WINDOWS\System32\SHELL32.dll
0x00007ff916750000 - 0x00007ff916e2a000 	C:\WINDOWS\System32\windows.storage.dll
0x00007ff916650000 - 0x00007ff91669c000 	C:\WINDOWS\System32\powrprof.dll
0x00007ff917740000 - 0x00007ff917792000 	C:\WINDOWS\System32\shlwapi.dll
0x00007ff916640000 - 0x00007ff91664f000 	C:\WINDOWS\System32\kernel.appcore.dll
0x00007ff9166a0000 - 0x00007ff916749000 	C:\WINDOWS\System32\shcore.dll
0x00007ff916610000 - 0x00007ff916624000 	C:\WINDOWS\System32\profapi.dll
0x0000000072790000 - 0x00000000727aa000 	C:\Program Files\Java\jdk1.8.0_65\jre\bin\net.dll
0x00007ff915f40000 - 0x00007ff915f9c000 	C:\WINDOWS\system32\mswsock.dll
0x0000000072770000 - 0x0000000072781000 	C:\Program Files\Java\jdk1.8.0_65\jre\bin\nio.dll
0x00007ff90fcb0000 - 0x00007ff90fcc2000 	C:\Users\±ËΩ¬»∆\.gradle\native\19\windows-amd64\native-platform.dll
0x00007ff9160f0000 - 0x00007ff916107000 	C:\WINDOWS\SYSTEM32\CRYPTSP.dll
0x00007ff915b50000 - 0x00007ff915b83000 	C:\WINDOWS\system32\rsaenh.dll
0x00007ff9161f0000 - 0x00007ff91621b000 	C:\WINDOWS\SYSTEM32\bcrypt.dll
0x00007ff915dc0000 - 0x00007ff915ddf000 	C:\WINDOWS\SYSTEM32\USERENV.dll
0x00007ff9160e0000 - 0x00007ff9160eb000 	C:\WINDOWS\SYSTEM32\CRYPTBASE.dll
0x00007ff915cd0000 - 0x00007ff915d08000 	C:\WINDOWS\SYSTEM32\IPHLPAPI.DLL
0x00007ff917840000 - 0x00007ff917848000 	C:\WINDOWS\System32\NSI.dll
0x00007ff90f170000 - 0x00007ff90f186000 	C:\WINDOWS\SYSTEM32\dhcpcsvc6.DLL
0x00007ff90f150000 - 0x00007ff90f16a000 	C:\WINDOWS\SYSTEM32\dhcpcsvc.DLL
0x0000000072570000 - 0x000000007257d000 	C:\Program Files\Java\jdk1.8.0_65\jre\bin\management.dll

VM Arguments:
jvm_args: -XX:MaxPermSize=256m -XX:+HeapDumpOnOutOfMemoryError -Xmx1024m -Dfile.encoding=x-windows-949 -Duser.country=KR -Duser.language=ko -Duser.variant 
java_command: org.gradle.launcher.daemon.bootstrap.GradleDaemon 2.14.1
java_class_path (initial): C:\Program Files\Android\Android Studio\gradle\gradle-2.14.1\lib\gradle-launcher-2.14.1.jar
Launcher Type: SUN_STANDARD

Environment Variables:
JAVA_HOME=C:\Program Files\Java\jdk1.8.0_65
CLASSPATH=.;C:\Program Files\Java\jdk1.8.0_65\lib\tools.jar
PATH=C:\Program Files\Java\jdk1.8.0_65\bin;C:\ProgramData\Oracle\Java\javapath;C:\Program Files (x86)\Wizvera\Delfino;C:\Program Files (x86)\Intel\iCLS Client\;C:\Program Files\Intel\iCLS Client\;C:\WINDOWS\system32;C:\WINDOWS;C:\WINDOWS\System32\Wbem;C:\WINDOWS\System32\WindowsPowerShell\v1.0\;C:\Program Files (x86)\Windows Live\Shared;C:\Program Files\Intel\Intel(R) Management Engine Components\DAL;C:\Program Files (x86)\Intel\Intel(R) Management Engine Components\DAL;C:\Program Files\Intel\Intel(R) Management Engine Components\IPT;C:\Program Files (x86)\Intel\Intel(R) Management Engine Components\IPT;C:\Program Files\Intel\WiFi\bin\;C:\Program Files\Common Files\Intel\WirelessCommon\;C:\WINDOWS\system32\config\systemprofile\.dnx\bin;C:\Program Files\Microsoft DNX\Dnvm\;c:\Program Files\Microsoft SQL Server\100\DTS\;c:\Program Files\java\jdk1.8.0_65\bin;C:\Program Files\Bandizip\7z;C:\Users\±ËΩ¬»∆\AppData\Local\Microsoft\WindowsApps;C:\Users\±ËΩ¬»∆\AppData\Local\atom\bin
USERNAME=±ËΩ¬»∆
OS=Windows_NT
PROCESSOR_IDENTIFIER=Intel64 Family 6 Model 61 Stepping 4, GenuineIntel



---------------  S Y S T E M  ---------------

OS: Windows 10.0 , 64 bit Build 14393 (10.0.14393.0)

CPU:total 4 (2 cores per cpu, 2 threads per core) family 6 model 61 stepping 4, cmov, cx8, fxsr, mmx, sse, sse2, sse3, ssse3, sse4.1, sse4.2, popcnt, avx, avx2, aes, clmul, erms, 3dnowpref, lzcnt, ht, tsc, tscinvbit, bmi1, bmi2, adx

Memory: 4k page, physical 8292268k(466344k free), swap 14032040k(5432k free)

vm_info: Java HotSpot(TM) 64-Bit Server VM (25.65-b01) for windows-amd64 JRE (1.8.0_65-b17), built on Oct  6 2015 16:39:20 by "java_re" with MS VC++ 10.0 (VS2010)

time: Sat Feb 18 06:20:40 2017
elapsed time: 21 seconds (0d 0h 0m 21s)

