#
# There is insufficient memory for the Java Runtime Environment to continue.
# Native memory allocation (malloc) failed to allocate 32744 bytes for ChunkPool::allocate
# Possible reasons:
#   The system is out of physical RAM or swap space
#   In 32 bit mode, the process size limit was hit
# Possible solutions:
#   Reduce memory load on the system
#   Increase physical memory or swap space
#   Check if swap backing store is full
#   Use 64 bit Java on a 64 bit OS
#   Decrease Java heap size (-Xmx/-Xms)
#   Decrease number of Java threads
#   Decrease Java thread stack sizes (-Xss)
#   Set larger code cache with -XX:ReservedCodeCacheSize=
# This output file may be truncated or incomplete.
#
#  Out of Memory Error (allocation.cpp:273), pid=2296, tid=4668
#
# JRE version: Java(TM) SE Runtime Environment (8.0_65-b17) (build 1.8.0_65-b17)
# Java VM: Java HotSpot(TM) 64-Bit Server VM (25.65-b01 mixed mode windows-amd64 compressed oops)
# Failed to write core dump. Minidumps are not enabled by default on client versions of Windows
#

---------------  T H R E A D  ---------------

Current thread (0x0000000016bb9800):  JavaThread "C1 CompilerThread2" daemon [_thread_in_native, id=4668, stack(0x0000000017060000,0x0000000017160000)]

Stack: [0x0000000017060000,0x0000000017160000]
[error occurred during error reporting (printing stack bounds), id 0xc0000005]

Native frames: (J=compiled Java code, j=interpreted, Vv=VM code, C=native code)


Current CompileTask:
C1:   2525  469   !   3       com.android.dx.cf.code.BytecodeArray::parseInstruction (2764 bytes)


---------------  P R O C E S S  ---------------

Java Threads: ( => current thread )
  0x0000000016d55800 JavaThread "pool-2-thread-4" [_thread_in_Java, id=5796, stack(0x0000000017760000,0x0000000017860000)]
  0x0000000016d54800 JavaThread "pool-2-thread-3" [_thread_blocked, id=13580, stack(0x0000000017660000,0x0000000017760000)]
  0x0000000016d54000 JavaThread "pool-2-thread-2" [_thread_in_vm, id=4732, stack(0x0000000017560000,0x0000000017660000)]
  0x0000000016cdf000 JavaThread "pool-3-thread-1" [_thread_blocked, id=11800, stack(0x0000000017460000,0x0000000017560000)]
  0x0000000016cde000 JavaThread "pool-2-thread-1" [_thread_blocked, id=4596, stack(0x0000000017360000,0x0000000017460000)]
  0x0000000016bc2000 JavaThread "Service Thread" daemon [_thread_blocked, id=8552, stack(0x0000000017160000,0x0000000017260000)]
=>0x0000000016bb9800 JavaThread "C1 CompilerThread2" daemon [_thread_in_native, id=4668, stack(0x0000000017060000,0x0000000017160000)]
  0x00000000154ec800 JavaThread "C2 CompilerThread1" daemon [_thread_in_native, id=12356, stack(0x0000000016f60000,0x0000000017060000)]
  0x00000000154e9000 JavaThread "C2 CompilerThread0" daemon [_thread_in_vm, id=4436, stack(0x0000000016a60000,0x0000000016b60000)]
  0x000000001549d800 JavaThread "Attach Listener" daemon [_thread_blocked, id=4476, stack(0x0000000016960000,0x0000000016a60000)]
  0x000000001549c800 JavaThread "Signal Dispatcher" daemon [_thread_blocked, id=12416, stack(0x0000000016860000,0x0000000016960000)]
  0x0000000002d90800 JavaThread "Finalizer" daemon [_thread_blocked, id=12592, stack(0x00000000166e0000,0x00000000167e0000)]
  0x0000000002d8d800 JavaThread "Reference Handler" daemon [_thread_blocked, id=12256, stack(0x00000000165e0000,0x00000000166e0000)]
  0x000000000283d800 JavaThread "main" [_thread_blocked, id=6032, stack(0x0000000002840000,0x0000000002940000)]

Other Threads:
  0x0000000015458000 VMThread [stack: 0x00000000164e0000,0x00000000165e0000] [id=15148]
  0x0000000016c2c800 WatcherThread [stack: 0x0000000017260000,0x0000000017360000] [id=4484]

VM state:not at safepoint (normal execution)

VM Mutex/Monitor currently owned by a thread:  ([mutex/lock_event])
[0x0000000002ca1850] MethodData_lock - owner thread: 0x0000000016d54000

Heap:
 PSYoungGen      total 38400K, used 14002K [0x00000000eab00000, 0x00000000ed580000, 0x0000000100000000)
  eden space 33280K, 42% used [0x00000000eab00000,0x00000000eb8acb10,0x00000000ecb80000)
  from space 5120K, 0% used [0x00000000ed080000,0x00000000ed080000,0x00000000ed580000)
  to   space 5120K, 0% used [0x00000000ecb80000,0x00000000ecb80000,0x00000000ed080000)
 ParOldGen       total 87552K, used 0K [0x00000000c0000000, 0x00000000c5580000, 0x00000000eab00000)
  object space 87552K, 0% used [0x00000000c0000000,0x00000000c0000000,0x00000000c5580000)
 Metaspace       used 5566K, capacity 6518K, committed 6784K, reserved 1056768K
  class space    used 593K, capacity 622K, committed 640K, reserved 1048576K

Card table byte_map: [0x0000000012160000,0x0000000012370000] byte_map_base: 0x0000000011b60000

Marking Bits: (ParMarkBitMap*) 0x0000000077f7a5b0
 Begin Bits: [0x00000000128d0000, 0x00000000138d0000)
 End Bits:   [0x00000000138d0000, 0x00000000148d0000)

Polling page: 0x00000000027f0000

CodeCache: size=245760Kb used=1937Kb max_used=1949Kb free=243822Kb
 bounds [0x0000000002da0000, 0x0000000003010000, 0x0000000011da0000]
 total_blobs=750 nmethods=477 adapters=186
 compilation: enabled

Compilation events (10 events):
Event: 2.506 Thread 0x0000000016bb9800  469   !   3       com.android.dx.cf.code.BytecodeArray::parseInstruction (2764 bytes)
Event: 2.506 Thread 0x00000000154e9000 nmethod 489 0x0000000002f82950 code [0x0000000002f82aa0, 0x0000000002f82bb8]
Event: 2.506 Thread 0x00000000154e9000  491       4       com.android.dx.util.IntList::growIfNeeded (46 bytes)
Event: 2.507 Thread 0x00000000154ec800  493       4       com.android.dx.util.MutabilityControl::<init> (10 bytes)
Event: 2.508 Thread 0x00000000154ec800 nmethod 493 0x0000000002f82750 code [0x0000000002f82880, 0x0000000002f828d8]
Event: 2.508 Thread 0x00000000154ec800  499       4       java.util.ArrayList::ensureCapacityInternal (23 bytes)
Event: 2.510 Thread 0x00000000154e9000 nmethod 491 0x0000000002f82250 code [0x0000000002f823a0, 0x0000000002f82638]
Event: 2.511 Thread 0x00000000154ec800 nmethod 499 0x0000000002f81cd0 code [0x0000000002f81e20, 0x0000000002f82098]
Event: 2.511 Thread 0x00000000154ec800  503       4       java.util.HashMap::get (23 bytes)
Event: 2.518 Thread 0x00000000154e9000  507       4       com.android.dx.util.IntList::add (65 bytes)

GC Heap History (0 events):
No events

Deoptimization events (0 events):
No events

Internal exceptions (2 events):
Event: 0.873 Thread 0x000000000283d800 Exception <a 'java/lang/NoSuchMethodError': Method sun.misc.Unsafe.defineClass(Ljava/lang/String;[BII)Ljava/lang/Class; name or signature does not match> (0x00000000eab13080) thrown at [C:\workspace\8-2-build-windows-amd64-cygwin\jdk8u65\4987\hotspot\src\smÜQãìë?
Event: 0.873 Thread 0x000000000283d800 Exception <a 'java/lang/NoSuchMethodError': Method sun.misc.Unsafe.prefetchRead(Ljava/lang/Object;J)V name or signature does not match> (0x00000000eab13368) thrown at [C:\workspace\8-2-build-windows-amd64-cygwin\jdk8u65\4987\hotspot\src\share\vm\prims\jni.

Events (10 events):
Event: 2.469 loading class java/util/HashMap$Values
Event: 2.469 loading class java/util/HashMap$Values done
Event: 2.469 loading class java/util/HashMap$ValueIterator
Event: 2.469 loading class java/util/HashMap$ValueIterator done
Event: 2.471 loading class com/android/dx/ssa/PhiInsn$Operand
Event: 2.471 loading class com/android/dx/ssa/PhiInsn$Operand done
Event: 2.474 loading class com/android/dx/ssa/back/FirstFitLocalCombiningAllocator$Multiset
Event: 2.474 loading class com/android/dx/ssa/back/FirstFitLocalCombiningAllocator$Multiset done
Event: 2.475 loading class java/util/DualPivotQuicksort
Event: 2.475 loading class java/util/DualPivotQuicksort done


Dynamic libraries:
0x00007ff6e4600000 - 0x00007ff6e4637000 	C:\Program Files\Java\jdk1.8.0_65\bin\java.exe
0x00007ffba5100000 - 0x00007ffba52d1000 	C:\WINDOWS\SYSTEM32\ntdll.dll
0x00007ffba2690000 - 0x00007ffba273b000 	C:\WINDOWS\System32\KERNEL32.DLL
0x00007ffb8b420000 - 0x00007ffb8b453000 	C:\Program Files\AVAST Software\Avast\x64\aswhooka.dll
0x00007ffba15f0000 - 0x00007ffba180d000 	C:\WINDOWS\System32\KERNELBASE.dll
0x00007ffba28b0000 - 0x00007ffba2952000 	C:\WINDOWS\System32\ADVAPI32.dll
0x00007ffba29b0000 - 0x00007ffba2a4e000 	C:\WINDOWS\System32\msvcrt.dll
0x00007ffba4420000 - 0x00007ffba4479000 	C:\WINDOWS\System32\sechost.dll
0x00007ffba4fd0000 - 0x00007ffba50f1000 	C:\WINDOWS\System32\RPCRT4.dll
0x00007ffba2740000 - 0x00007ffba28a5000 	C:\WINDOWS\System32\USER32.dll
0x00007ffba1fa0000 - 0x00007ffba1fbe000 	C:\WINDOWS\System32\win32u.dll
0x00007ffba2970000 - 0x00007ffba29a4000 	C:\WINDOWS\System32\GDI32.dll
0x00007ffba2460000 - 0x00007ffba25e2000 	C:\WINDOWS\System32\gdi32full.dll
0x00007ffb96170000 - 0x00007ffb963e9000 	C:\WINDOWS\WinSxS\amd64_microsoft.windows.common-controls_6595b64144ccf1df_6.0.14393.447_none_42191651c6827bb3\COMCTL32.dll
0x00007ffba46d0000 - 0x00007ffba4998000 	C:\WINDOWS\System32\combase.dll
0x00007ffba2080000 - 0x00007ffba2175000 	C:\WINDOWS\System32\ucrtbase.dll
0x00007ffba2010000 - 0x00007ffba207a000 	C:\WINDOWS\System32\bcryptPrimitives.dll
0x00007ffba49a0000 - 0x00007ffba49ce000 	C:\WINDOWS\System32\IMM32.DLL
0x0000000077120000 - 0x00000000771f2000 	C:\Program Files\Java\jdk1.8.0_65\jre\bin\msvcr100.dll
0x0000000077770000 - 0x0000000077ff9000 	C:\Program Files\Java\jdk1.8.0_65\jre\bin\server\jvm.dll
0x00007ffba2960000 - 0x00007ffba2968000 	C:\WINDOWS\System32\PSAPI.DLL
0x00007ffb9ba20000 - 0x00007ffb9ba29000 	C:\WINDOWS\SYSTEM32\WSOCK32.dll
0x00007ffba4380000 - 0x00007ffba43ea000 	C:\WINDOWS\System32\WS2_32.dll
0x00007ffb9f540000 - 0x00007ffb9f563000 	C:\WINDOWS\SYSTEM32\WINMM.dll
0x00007ffb915f0000 - 0x00007ffb915fa000 	C:\WINDOWS\SYSTEM32\VERSION.dll
0x00007ffb9f450000 - 0x00007ffb9f47b000 	C:\WINDOWS\SYSTEM32\WINMMBASE.dll
0x00007ffba1fc0000 - 0x00007ffba2002000 	C:\WINDOWS\System32\cfgmgr32.dll
0x0000000050110000 - 0x000000005011f000 	C:\Program Files\Java\jdk1.8.0_65\jre\bin\verify.dll
0x00000000500e0000 - 0x0000000050109000 	C:\Program Files\Java\jdk1.8.0_65\jre\bin\java.dll
0x00000000500c0000 - 0x00000000500d6000 	C:\Program Files\Java\jdk1.8.0_65\jre\bin\zip.dll
0x00007ffba2cd0000 - 0x00007ffba41d9000 	C:\WINDOWS\System32\SHELL32.dll
0x00007ffba1810000 - 0x00007ffba1eea000 	C:\WINDOWS\System32\windows.storage.dll
0x00007ffba1590000 - 0x00007ffba15dc000 	C:\WINDOWS\System32\powrprof.dll
0x00007ffba4ed0000 - 0x00007ffba4f22000 	C:\WINDOWS\System32\shlwapi.dll
0x00007ffba1580000 - 0x00007ffba158f000 	C:\WINDOWS\System32\kernel.appcore.dll
0x00007ffba2180000 - 0x00007ffba2229000 	C:\WINDOWS\System32\shcore.dll
0x00007ffba1560000 - 0x00007ffba1574000 	C:\WINDOWS\System32\profapi.dll

VM Arguments:
jvm_args: -Djava.awt.headless=true -Xmx1024M -Dfile.encoding=x-windows-949 -Duser.country=KR -Duser.language=ko -Duser.variant 
java_command: com.android.dx.command.Main --dex --force-jumbo --num-threads=4 --multi-dex --output C:\Users\Public\AndroidStudioProjects\Project\FindRest\app\build\intermediates\transforms\dex\debug\folders\1000\2\json-simple-1.1_99f9f988709cc0cecfd7c26b32ea1ee3689c3174 C:\Users\Public\AndroidStudioProjects\Project\FindRest\app\libs\json-simple-1.1.jar
java_class_path (initial): C:\Users\Public\Android_SDK\build-tools\24.0.1\lib\dx.jar
Launcher Type: SUN_STANDARD

Environment Variables:
JAVA_HOME=C:\Program Files\Java\jdk1.8.0_65
CLASSPATH=.;C:\Program Files\Java\jdk1.8.0_65\lib\tools.jar
PATH=C:\Program Files\Java\jdk1.8.0_65\bin;C:\ProgramData\Oracle\Java\javapath;C:\Program Files (x86)\Wizvera\Delfino;C:\Program Files (x86)\Intel\iCLS Client\;C:\Program Files\Intel\iCLS Client\;C:\WINDOWS\system32;C:\WINDOWS;C:\WINDOWS\System32\Wbem;C:\WINDOWS\System32\WindowsPowerShell\v1.0\;C:\Program Files (x86)\Windows Live\Shared;C:\Program Files\Intel\Intel(R) Management Engine Components\DAL;C:\Program Files (x86)\Intel\Intel(R) Management Engine Components\DAL;C:\Program Files\Intel\Intel(R) Management Engine Components\IPT;C:\Program Files (x86)\Intel\Intel(R) Management Engine Components\IPT;C:\Program Files\Intel\WiFi\bin\;C:\Program Files\Common Files\Intel\WirelessCommon\;C:\WINDOWS\system32\config\systemprofile\.dnx\bin;C:\Program Files\Microsoft DNX\Dnvm\;c:\Program Files\Microsoft SQL Server\100\DTS\;c:\Program Files\java\jdk1.8.0_65\bin;C:\Program Files\Bandizip\7z;C:\Users\±è½ÂÈÆ\AppData\Local\Microsoft\WindowsApps;C:\Users\±è½ÂÈÆ\AppData\Local\atom\bin
USERNAME=±è½ÂÈÆ
OS=Windows_NT
PROCESSOR_IDENTIFIER=Intel64 Family 6 Model 61 Stepping 4, GenuineIntel



---------------  S Y S T E M  ---------------

OS: Windows 10.0 , 64 bit Build 14393 (10.0.14393.0)

CPU:total 4 (2 cores per cpu, 2 threads per core) family 6 model 61 stepping 4, cmov, cx8, fxsr, mmx, sse, sse2, sse3, ssse3, sse4.1, sse4.2, popcnt, avx, avx2, aes, clmul, erms, 3dnowpref, lzcnt, ht, tsc, tscinvbit, bmi1, bmi2, adx

Memory: 4k page, physical 8292268k(1748748k free), swap 14228640k(312k free)

vm_info: Java HotSpot(TM) 64-Bit Server VM (25.65-b01) for windows-amd64 JRE (1.8.0_65-b17), built on Oct  6 2015 16:39:20 by "java_re" with MS VC++ 10.0 (VS2010)

time: Wed Mar 01 21:56:38 2017
elapsed time: 2 seconds (0d 0h 0m 2s)

