#
# There is insufficient memory for the Java Runtime Environment to continue.
# Native memory allocation (malloc) failed to allocate 1610576 bytes for Chunk::new
# Possible reasons:
#   The system is out of physical RAM or swap space
#   In 32 bit mode, the process size limit was hit
# Possible solutions:
#   Reduce memory load on the system
#   Increase physical memory or swap space
#   Check if swap backing store is full
#   Use 64 bit Java on a 64 bit OS
#   Decrease Java heap size (-Xmx/-Xms)
#   Decrease number of Java threads
#   Decrease Java thread stack sizes (-Xss)
#   Set larger code cache with -XX:ReservedCodeCacheSize=
# This output file may be truncated or incomplete.
#
#  Out of Memory Error (allocation.cpp:390), pid=5312, tid=15108
#
# JRE version: Java(TM) SE Runtime Environment (8.0_65-b17) (build 1.8.0_65-b17)
# Java VM: Java HotSpot(TM) 64-Bit Server VM (25.65-b01 mixed mode windows-amd64 compressed oops)
# Failed to write core dump. Minidumps are not enabled by default on client versions of Windows
#

---------------  T H R E A D  ---------------

Current thread (0x00000000154bc000):  JavaThread "C2 CompilerThread1" daemon [_thread_in_native, id=15108, stack(0x0000000016b70000,0x0000000016c70000)]

Stack: [0x0000000016b70000,0x0000000016c70000]
[error occurred during error reporting (printing stack bounds), id 0xc0000005]

Native frames: (J=compiled Java code, j=interpreted, Vv=VM code, C=native code)


Current CompileTask:
C2:   7364 1874       4       com.android.dx.rop.code.Rops::ropFor (771 bytes)


---------------  P R O C E S S  ---------------

Java Threads: ( => current thread )
  0x0000000016ed1000 JavaThread "pool-2-thread-4" [_thread_in_Java, id=11396, stack(0x0000000017770000,0x0000000017870000)]
  0x0000000016e1d000 JavaThread "pool-2-thread-3" [_thread_in_Java, id=1468, stack(0x0000000017670000,0x0000000017770000)]
  0x0000000016e67000 JavaThread "pool-2-thread-2" [_thread_in_Java, id=9148, stack(0x0000000017570000,0x0000000017670000)]
  0x0000000016de7000 JavaThread "pool-3-thread-1" [_thread_blocked, id=10920, stack(0x0000000017470000,0x0000000017570000)]
  0x0000000016de6800 JavaThread "pool-2-thread-1" [_thread_in_Java, id=6492, stack(0x0000000017370000,0x0000000017470000)]
  0x0000000016cda800 JavaThread "Service Thread" daemon [_thread_blocked, id=12164, stack(0x0000000017170000,0x0000000017270000)]
  0x0000000016cc9000 JavaThread "C1 CompilerThread2" daemon [_thread_blocked, id=11740, stack(0x0000000017070000,0x0000000017170000)]
=>0x00000000154bc000 JavaThread "C2 CompilerThread1" daemon [_thread_in_native, id=15108, stack(0x0000000016b70000,0x0000000016c70000)]
  0x00000000154b9000 JavaThread "C2 CompilerThread0" daemon [_thread_in_native, id=15148, stack(0x0000000016a70000,0x0000000016b70000)]
  0x000000001546d800 JavaThread "Attach Listener" daemon [_thread_blocked, id=3556, stack(0x0000000016970000,0x0000000016a70000)]
  0x000000001546c800 JavaThread "Signal Dispatcher" daemon [_thread_blocked, id=5144, stack(0x0000000016870000,0x0000000016970000)]
  0x0000000002d86800 JavaThread "Finalizer" daemon [_thread_blocked, id=9156, stack(0x00000000166e0000,0x00000000167e0000)]
  0x0000000002d7d800 JavaThread "Reference Handler" daemon [_thread_blocked, id=9384, stack(0x00000000165e0000,0x00000000166e0000)]
  0x0000000002c8d800 JavaThread "main" [_thread_blocked, id=8896, stack(0x0000000002b40000,0x0000000002c40000)]

Other Threads:
  0x0000000015428800 VMThread [stack: 0x00000000164e0000,0x00000000165e0000] [id=11152]
  0x0000000016d35800 WatcherThread [stack: 0x0000000017270000,0x0000000017370000] [id=13436]

VM state:not at safepoint (normal execution)

VM Mutex/Monitor currently owned by a thread: None

Heap:
 PSYoungGen      total 151040K, used 63582K [0x00000000eab00000, 0x00000000f6000000, 0x0000000100000000)
  eden space 129024K, 32% used [0x00000000eab00000,0x00000000ed39ed28,0x00000000f2900000)
  from space 22016K, 99% used [0x00000000f4280000,0x00000000f57f8ea0,0x00000000f5800000)
  to   space 26112K, 0% used [0x00000000f2900000,0x00000000f2900000,0x00000000f4280000)
 ParOldGen       total 87552K, used 44375K [0x00000000c0000000, 0x00000000c5580000, 0x00000000eab00000)
  object space 87552K, 50% used [0x00000000c0000000,0x00000000c2b55c08,0x00000000c5580000)
 Metaspace       used 6123K, capacity 7152K, committed 7296K, reserved 1056768K
  class space    used 592K, capacity 616K, committed 640K, reserved 1048576K

Card table byte_map: [0x0000000012150000,0x0000000012360000] byte_map_base: 0x0000000011b50000

Marking Bits: (ParMarkBitMap*) 0x0000000077f7a5b0
 Begin Bits: [0x00000000128c0000, 0x00000000138c0000)
 End Bits:   [0x00000000138c0000, 0x00000000148c0000)

Polling page: 0x00000000027e0000

CodeCache: size=245760Kb used=8256Kb max_used=8256Kb free=237503Kb
 bounds [0x0000000002d90000, 0x00000000035b0000, 0x0000000011d90000]
 total_blobs=2109 nmethods=1845 adapters=177
 compilation: enabled

Compilation events (10 events):
Event: 7.210 Thread 0x00000000154b9000 nmethod 1992 0x0000000003594ed0 code [0x0000000003595020, 0x0000000003595298]
Event: 7.210 Thread 0x00000000154b9000 1934       4       com.android.dx.cf.code.ExecutionStack::pop (54 bytes)
Event: 7.212 Thread 0x00000000154b9000 nmethod 1934 0x0000000003568350 code [0x00000000035684a0, 0x0000000003568638]
Event: 7.212 Thread 0x00000000154b9000 1885       4       com.android.dx.rop.code.RegisterSpec::getType (10 bytes)
Event: 7.213 Thread 0x00000000154b9000 nmethod 1885 0x00000000034bb090 code [0x00000000034bb1c0, 0x00000000034bb238]
Event: 7.213 Thread 0x00000000154b9000 1871       4       com.android.dx.dex.code.RopToDop::dopFor (792 bytes)
Event: 7.221 Thread 0x0000000016cc9000 1998       2       com.android.dx.ssa.SsaMethod$1::visitMoveInsn (17 bytes)
Event: 7.221 Thread 0x0000000016cc9000 nmethod 1998 0x0000000003594990 code [0x0000000003594b00, 0x0000000003594d10]
Event: 7.324 Thread 0x0000000016cc9000 2002 %     2       com.android.dx.ssa.SsaMethod::forEachBlockDepthFirst @ 62 (194 bytes)
Event: 7.327 Thread 0x0000000016cc9000 nmethod 2002% 0x00000000035a8b10 code [0x00000000035a8e80, 0x00000000035aaaa8]

GC Heap History (10 events):
Event: 3.708 GC heap before
{Heap before GC invocations=2 (full 0):
 PSYoungGen      total 38400K, used 38390K [0x00000000eab00000, 0x00000000ed580000, 0x0000000100000000)
  eden space 33280K, 100% used [0x00000000eab00000,0x00000000ecb80000,0x00000000ecb80000)
  from space 5120K, 99% used [0x00000000ecb80000,0x00000000ed07d830,0x00000000ed080000)
  to   space 5120K, 0% used [0x00000000ed080000,0x00000000ed080000,0x00000000ed580000)
 ParOldGen       total 87552K, used 2116K [0x00000000c0000000, 0x00000000c5580000, 0x00000000eab00000)
  object space 87552K, 2% used [0x00000000c0000000,0x00000000c0211330,0x00000000c5580000)
 Metaspace       used 5879K, capacity 6960K, committed 7040K, reserved 1056768K
  class space    used 584K, capacity 616K, committed 640K, reserved 1048576K
Event: 3.731 GC heap after
Heap after GC invocations=2 (full 0):
 PSYoungGen      total 38400K, used 5102K [0x00000000eab00000, 0x00000000ef600000, 0x0000000100000000)
  eden space 33280K, 0% used [0x00000000eab00000,0x00000000eab00000,0x00000000ecb80000)
  from space 5120K, 99% used [0x00000000ed080000,0x00000000ed57ba40,0x00000000ed580000)
  to   space 5120K, 0% used [0x00000000ecb80000,0x00000000ecb80000,0x00000000ed080000)
 ParOldGen       total 87552K, used 11791K [0x00000000c0000000, 0x00000000c5580000, 0x00000000eab00000)
  object space 87552K, 13% used [0x00000000c0000000,0x00000000c0b83d08,0x00000000c5580000)
 Metaspace       used 5879K, capacity 6960K, committed 7040K, reserved 1056768K
  class space    used 584K, capacity 616K, committed 640K, reserved 1048576K
}
Event: 4.358 GC heap before
{Heap before GC invocations=3 (full 0):
 PSYoungGen      total 38400K, used 38382K [0x00000000eab00000, 0x00000000ef600000, 0x0000000100000000)
  eden space 33280K, 100% used [0x00000000eab00000,0x00000000ecb80000,0x00000000ecb80000)
  from space 5120K, 99% used [0x00000000ed080000,0x00000000ed57ba40,0x00000000ed580000)
  to   space 5120K, 0% used [0x00000000ecb80000,0x00000000ecb80000,0x00000000ed080000)
 ParOldGen       total 87552K, used 11791K [0x00000000c0000000, 0x00000000c5580000, 0x00000000eab00000)
  object space 87552K, 13% used [0x00000000c0000000,0x00000000c0b83d08,0x00000000c5580000)
 Metaspace       used 5953K, capacity 7024K, committed 7296K, reserved 1056768K
  class space    used 585K, capacity 616K, committed 640K, reserved 1048576K
Event: 4.379 GC heap after
Heap after GC invocations=3 (full 0):
 PSYoungGen      total 38400K, used 5109K [0x00000000eab00000, 0x00000000ef600000, 0x0000000100000000)
  eden space 33280K, 0% used [0x00000000eab00000,0x00000000eab00000,0x00000000ecb80000)
  from space 5120K, 99% used [0x00000000ecb80000,0x00000000ed07d5c8,0x00000000ed080000)
  to   space 5120K, 0% used [0x00000000ef100000,0x00000000ef100000,0x00000000ef600000)
 ParOldGen       total 87552K, used 19667K [0x00000000c0000000, 0x00000000c5580000, 0x00000000eab00000)
  object space 87552K, 22% used [0x00000000c0000000,0x00000000c1334f80,0x00000000c5580000)
 Metaspace       used 5953K, capacity 7024K, committed 7296K, reserved 1056768K
  class space    used 585K, capacity 616K, committed 640K, reserved 1048576K
}
Event: 4.968 GC heap before
{Heap before GC invocations=4 (full 0):
 PSYoungGen      total 38400K, used 38389K [0x00000000eab00000, 0x00000000ef600000, 0x0000000100000000)
  eden space 33280K, 100% used [0x00000000eab00000,0x00000000ecb80000,0x00000000ecb80000)
  from space 5120K, 99% used [0x00000000ecb80000,0x00000000ed07d5c8,0x00000000ed080000)
  to   space 5120K, 0% used [0x00000000ef100000,0x00000000ef100000,0x00000000ef600000)
 ParOldGen       total 87552K, used 19667K [0x00000000c0000000, 0x00000000c5580000, 0x00000000eab00000)
  object space 87552K, 22% used [0x00000000c0000000,0x00000000c1334f80,0x00000000c5580000)
 Metaspace       used 6039K, capacity 7088K, committed 7296K, reserved 1056768K
  class space    used 590K, capacity 616K, committed 640K, reserved 1048576K
Event: 5.026 GC heap after
Heap after GC invocations=4 (full 0):
 PSYoungGen      total 71680K, used 5116K [0x00000000eab00000, 0x00000000ef600000, 0x0000000100000000)
  eden space 66560K, 0% used [0x00000000eab00000,0x00000000eab00000,0x00000000eec00000)
  from space 5120K, 99% used [0x00000000ef100000,0x00000000ef5ff0a0,0x00000000ef600000)
  to   space 5120K, 0% used [0x00000000eec00000,0x00000000eec00000,0x00000000ef100000)
 ParOldGen       total 87552K, used 27587K [0x00000000c0000000, 0x00000000c5580000, 0x00000000eab00000)
  object space 87552K, 31% used [0x00000000c0000000,0x00000000c1af0dd0,0x00000000c5580000)
 Metaspace       used 6039K, capacity 7088K, committed 7296K, reserved 1056768K
  class space    used 590K, capacity 616K, committed 640K, reserved 1048576K
}
Event: 6.017 GC heap before
{Heap before GC invocations=5 (full 0):
 PSYoungGen      total 71680K, used 71676K [0x00000000eab00000, 0x00000000ef600000, 0x0000000100000000)
  eden space 66560K, 100% used [0x00000000eab00000,0x00000000eec00000,0x00000000eec00000)
  from space 5120K, 99% used [0x00000000ef100000,0x00000000ef5ff0a0,0x00000000ef600000)
  to   space 5120K, 0% used [0x00000000eec00000,0x00000000eec00000,0x00000000ef100000)
 ParOldGen       total 87552K, used 27587K [0x00000000c0000000, 0x00000000c5580000, 0x00000000eab00000)
  object space 87552K, 31% used [0x00000000c0000000,0x00000000c1af0dd0,0x00000000c5580000)
 Metaspace       used 6089K, capacity 7088K, committed 7296K, reserved 1056768K
  class space    used 590K, capacity 616K, committed 640K, reserved 1048576K
Event: 6.209 GC heap after
Heap after GC invocations=5 (full 0):
 PSYoungGen      total 71680K, used 5104K [0x00000000eab00000, 0x00000000f5800000, 0x0000000100000000)
  eden space 66560K, 0% used [0x00000000eab00000,0x00000000eab00000,0x00000000eec00000)
  from space 5120K, 99% used [0x00000000eec00000,0x00000000ef0fc138,0x00000000ef100000)
  to   space 22016K, 0% used [0x00000000f4280000,0x00000000f4280000,0x00000000f5800000)
 ParOldGen       total 87552K, used 43317K [0x00000000c0000000, 0x00000000c5580000, 0x00000000eab00000)
  object space 87552K, 49% used [0x00000000c0000000,0x00000000c2a4d6b0,0x00000000c5580000)
 Metaspace       used 6089K, capacity 7088K, committed 7296K, reserved 1056768K
  class space    used 590K, capacity 616K, committed 640K, reserved 1048576K
}
Event: 6.999 GC heap before
{Heap before GC invocations=6 (full 0):
 PSYoungGen      total 71680K, used 71664K [0x00000000eab00000, 0x00000000f5800000, 0x0000000100000000)
  eden space 66560K, 100% used [0x00000000eab00000,0x00000000eec00000,0x00000000eec00000)
  from space 5120K, 99% used [0x00000000eec00000,0x00000000ef0fc138,0x00000000ef100000)
  to   space 22016K, 0% used [0x00000000f4280000,0x00000000f4280000,0x00000000f5800000)
 ParOldGen       total 87552K, used 43317K [0x00000000c0000000, 0x00000000c5580000, 0x00000000eab00000)
  object space 87552K, 49% used [0x00000000c0000000,0x00000000c2a4d6b0,0x00000000c5580000)
 Metaspace       used 6122K, capacity 7152K, committed 7296K, reserved 1056768K
  class space    used 592K, capacity 616K, committed 640K, reserved 1048576K
Event: 7.126 GC heap after
Heap after GC invocations=6 (full 0):
 PSYoungGen      total 151040K, used 21987K [0x00000000eab00000, 0x00000000f6000000, 0x0000000100000000)
  eden space 129024K, 0% used [0x00000000eab00000,0x00000000eab00000,0x00000000f2900000)
  from space 22016K, 99% used [0x00000000f4280000,0x00000000f57f8ea0,0x00000000f5800000)
  to   space 26112K, 0% used [0x00000000f2900000,0x00000000f2900000,0x00000000f4280000)
 ParOldGen       total 87552K, used 44375K [0x00000000c0000000, 0x00000000c5580000, 0x00000000eab00000)
  object space 87552K, 50% used [0x00000000c0000000,0x00000000c2b55c08,0x00000000c5580000)
 Metaspace       used 6122K, capacity 7152K, committed 7296K, reserved 1056768K
  class space    used 592K, capacity 616K, committed 640K, reserved 1048576K
}

Deoptimization events (10 events):
Event: 3.845 Thread 0x0000000016ed1000 Uncommon trap: reason=class_check action=maybe_recompile pc=0x0000000003254418 method=com.android.dx.ssa.NormalSsaInsn.accept(Lcom/android/dx/ssa/SsaInsn$Visitor;)V @ 9
Event: 4.139 Thread 0x0000000016ed1000 Uncommon trap: reason=unstable_if action=reinterpret pc=0x000000000332f8f4 method=com.android.dx.cf.code.ByteCatchList$Item.getExceptionClass()Lcom/android/dx/rop/cst/CstType; @ 4
Event: 4.350 Thread 0x0000000016ed1000 Uncommon trap: reason=unstable_if action=reinterpret pc=0x00000000033cb6f4 method=com.android.dx.ssa.SsaRenamer$BlockRenamer.process()V @ 90
Event: 4.356 Thread 0x0000000016de6800 Uncommon trap: reason=class_check action=maybe_recompile pc=0x0000000003254418 method=com.android.dx.ssa.NormalSsaInsn.accept(Lcom/android/dx/ssa/SsaInsn$Visitor;)V @ 9
Event: 4.356 Thread 0x0000000016de6800 Uncommon trap: reason=class_check action=maybe_recompile pc=0x0000000003254418 method=com.android.dx.ssa.NormalSsaInsn.accept(Lcom/android/dx/ssa/SsaInsn$Visitor;)V @ 9
Event: 4.356 Thread 0x0000000016de6800 Uncommon trap: reason=class_check action=maybe_recompile pc=0x0000000003254418 method=com.android.dx.ssa.NormalSsaInsn.accept(Lcom/android/dx/ssa/SsaInsn$Visitor;)V @ 9
Event: 4.356 Thread 0x0000000016de6800 Uncommon trap: reason=class_check action=maybe_recompile pc=0x000000000325d480 method=com.android.dx.ssa.NormalSsaInsn.accept(Lcom/android/dx/ssa/SsaInsn$Visitor;)V @ 9
Event: 4.438 Thread 0x0000000016e67000 Uncommon trap: reason=unstable_if action=reinterpret pc=0x0000000003250998 method=com.android.dx.util.BitIntSet.has(I)Z @ 8
Event: 4.730 Thread 0x0000000016de6800 Uncommon trap: reason=unstable_if action=reinterpret pc=0x000000000340dbc4 method=com.android.dx.ssa.SsaRenamer$BlockRenamer.visitMoveInsn(Lcom/android/dx/ssa/NormalSsaInsn;)V @ 104
Event: 4.934 Thread 0x0000000016ed1000 Uncommon trap: reason=unstable_if action=reinterpret pc=0x0000000003440704 method=com.android.dx.ssa.LiteralOpUpgrader$1.visitNonMoveInsn(Lcom/android/dx/ssa/NormalSsaInsn;)V @ 151

Internal exceptions (2 events):
Event: 0.099 Thread 0x0000000002c8d800 Exception <a 'java/lang/NoSuchMethodError': Method sun.misc.Unsafe.defineClass(Ljava/lang/String;[BII)Ljava/lang/Class; name or signature does not match> (0x00000000eab13080) thrown at [C:\workspace\8-2-build-windows-amd64-cygwin\jdk8u65\4987\hotspot\src\s™0›Ž_¹?
Event: 0.099 Thread 0x0000000002c8d800 Exception <a 'java/lang/NoSuchMethodError': Method sun.misc.Unsafe.prefetchRead(Ljava/lang/Object;J)V name or signature does not match> (0x00000000eab13368) thrown at [C:\workspace\8-2-build-windows-amd64-cygwin\jdk8u65\4987\hotspot\src\share\vm\prims\jni.

Events (10 events):
Event: 7.126 Executing VM operation: RevokeBias
Event: 7.126 Executing VM operation: RevokeBias done
Event: 7.126 Executing VM operation: BulkRevokeBias
Event: 7.126 Executing VM operation: BulkRevokeBias done
Event: 7.188 Thread 0x0000000016de6800 DEOPT PACKING pc=0x00000000032a02a1 sp=0x000000001746e600
Event: 7.188 Thread 0x0000000016de6800 DEOPT UNPACKING pc=0x0000000002dd787f sp=0x000000001746e398 mode 0
Event: 7.188 Thread 0x0000000016de6800 DEOPT PACKING pc=0x000000000318e281 sp=0x000000001746e910
Event: 7.188 Thread 0x0000000016de6800 DEOPT UNPACKING pc=0x0000000002dd787f sp=0x000000001746e658 mode 0
Event: 7.324 Thread 0x0000000016e1d000 DEOPT PACKING pc=0x000000000324c85f sp=0x000000001776e6b0
Event: 7.324 Thread 0x0000000016e1d000 DEOPT UNPACKING pc=0x0000000002dd787f sp=0x000000001776e4c0 mode 0


Dynamic libraries:
0x00007ff6e4600000 - 0x00007ff6e4637000 	C:\Program Files\Java\jdk1.8.0_65\bin\java.exe
0x00007ffba5100000 - 0x00007ffba52d1000 	C:\WINDOWS\SYSTEM32\ntdll.dll
0x00007ffba2690000 - 0x00007ffba273b000 	C:\WINDOWS\System32\KERNEL32.DLL
0x00007ffb8b420000 - 0x00007ffb8b453000 	C:\Program Files\AVAST Software\Avast\x64\aswhooka.dll
0x00007ffba15f0000 - 0x00007ffba180d000 	C:\WINDOWS\System32\KERNELBASE.dll
0x00007ffba28b0000 - 0x00007ffba2952000 	C:\WINDOWS\System32\ADVAPI32.dll
0x00007ffba29b0000 - 0x00007ffba2a4e000 	C:\WINDOWS\System32\msvcrt.dll
0x00007ffba4420000 - 0x00007ffba4479000 	C:\WINDOWS\System32\sechost.dll
0x00007ffba4fd0000 - 0x00007ffba50f1000 	C:\WINDOWS\System32\RPCRT4.dll
0x00007ffba2740000 - 0x00007ffba28a5000 	C:\WINDOWS\System32\USER32.dll
0x00007ffba1fa0000 - 0x00007ffba1fbe000 	C:\WINDOWS\System32\win32u.dll
0x00007ffba2970000 - 0x00007ffba29a4000 	C:\WINDOWS\System32\GDI32.dll
0x00007ffba2460000 - 0x00007ffba25e2000 	C:\WINDOWS\System32\gdi32full.dll
0x00007ffb96170000 - 0x00007ffb963e9000 	C:\WINDOWS\WinSxS\amd64_microsoft.windows.common-controls_6595b64144ccf1df_6.0.14393.447_none_42191651c6827bb3\COMCTL32.dll
0x00007ffba46d0000 - 0x00007ffba4998000 	C:\WINDOWS\System32\combase.dll
0x00007ffba2080000 - 0x00007ffba2175000 	C:\WINDOWS\System32\ucrtbase.dll
0x00007ffba2010000 - 0x00007ffba207a000 	C:\WINDOWS\System32\bcryptPrimitives.dll
0x00007ffba49a0000 - 0x00007ffba49ce000 	C:\WINDOWS\System32\IMM32.DLL
0x0000000077120000 - 0x00000000771f2000 	C:\Program Files\Java\jdk1.8.0_65\jre\bin\msvcr100.dll
0x0000000077770000 - 0x0000000077ff9000 	C:\Program Files\Java\jdk1.8.0_65\jre\bin\server\jvm.dll
0x00007ffba2960000 - 0x00007ffba2968000 	C:\WINDOWS\System32\PSAPI.DLL
0x00007ffb9ba20000 - 0x00007ffb9ba29000 	C:\WINDOWS\SYSTEM32\WSOCK32.dll
0x00007ffba4380000 - 0x00007ffba43ea000 	C:\WINDOWS\System32\WS2_32.dll
0x00007ffb9f540000 - 0x00007ffb9f563000 	C:\WINDOWS\SYSTEM32\WINMM.dll
0x00007ffb915f0000 - 0x00007ffb915fa000 	C:\WINDOWS\SYSTEM32\VERSION.dll
0x00007ffb9f450000 - 0x00007ffb9f47b000 	C:\WINDOWS\SYSTEM32\WINMMBASE.dll
0x00007ffba1fc0000 - 0x00007ffba2002000 	C:\WINDOWS\System32\cfgmgr32.dll
0x0000000050110000 - 0x000000005011f000 	C:\Program Files\Java\jdk1.8.0_65\jre\bin\verify.dll
0x00000000500e0000 - 0x0000000050109000 	C:\Program Files\Java\jdk1.8.0_65\jre\bin\java.dll
0x00000000500c0000 - 0x00000000500d6000 	C:\Program Files\Java\jdk1.8.0_65\jre\bin\zip.dll
0x00007ffba2cd0000 - 0x00007ffba41d9000 	C:\WINDOWS\System32\SHELL32.dll
0x00007ffba1810000 - 0x00007ffba1eea000 	C:\WINDOWS\System32\windows.storage.dll
0x00007ffba1590000 - 0x00007ffba15dc000 	C:\WINDOWS\System32\powrprof.dll
0x00007ffba4ed0000 - 0x00007ffba4f22000 	C:\WINDOWS\System32\shlwapi.dll
0x00007ffba1580000 - 0x00007ffba158f000 	C:\WINDOWS\System32\kernel.appcore.dll
0x00007ffba2180000 - 0x00007ffba2229000 	C:\WINDOWS\System32\shcore.dll
0x00007ffba1560000 - 0x00007ffba1574000 	C:\WINDOWS\System32\profapi.dll

VM Arguments:
jvm_args: -Djava.awt.headless=true -Xmx1024M -Dfile.encoding=x-windows-949 -Duser.country=KR -Duser.language=ko -Duser.variant 
java_command: com.android.dx.command.Main --dex --force-jumbo --num-threads=4 --multi-dex --output C:\Users\Public\AndroidStudioProjects\Project\FindRest\app\build\intermediates\transforms\dex\debug\folders\1000\5\slice_0 C:\Users\Public\AndroidStudioProjects\Project\FindRest\app\build\intermediates\transforms\instantRunSlicer\debug\folders\1\5\slice_0
java_class_path (initial): C:\Users\Public\Android_SDK\build-tools\24.0.1\lib\dx.jar
Launcher Type: SUN_STANDARD

Environment Variables:
JAVA_HOME=C:\Program Files\Java\jdk1.8.0_65
CLASSPATH=.;C:\Program Files\Java\jdk1.8.0_65\lib\tools.jar
PATH=C:\Program Files\Java\jdk1.8.0_65\bin;C:\ProgramData\Oracle\Java\javapath;C:\Program Files (x86)\Wizvera\Delfino;C:\Program Files (x86)\Intel\iCLS Client\;C:\Program Files\Intel\iCLS Client\;C:\WINDOWS\system32;C:\WINDOWS;C:\WINDOWS\System32\Wbem;C:\WINDOWS\System32\WindowsPowerShell\v1.0\;C:\Program Files (x86)\Windows Live\Shared;C:\Program Files\Intel\Intel(R) Management Engine Components\DAL;C:\Program Files (x86)\Intel\Intel(R) Management Engine Components\DAL;C:\Program Files\Intel\Intel(R) Management Engine Components\IPT;C:\Program Files (x86)\Intel\Intel(R) Management Engine Components\IPT;C:\Program Files\Intel\WiFi\bin\;C:\Program Files\Common Files\Intel\WirelessCommon\;C:\WINDOWS\system32\config\systemprofile\.dnx\bin;C:\Program Files\Microsoft DNX\Dnvm\;c:\Program Files\Microsoft SQL Server\100\DTS\;c:\Program Files\java\jdk1.8.0_65\bin;C:\Program Files\Bandizip\7z;C:\Users\±è½ÂÈÆ\AppData\Local\Microsoft\WindowsApps;C:\Users\±è½ÂÈÆ\AppData\Local\atom\bin
USERNAME=±è½ÂÈÆ
OS=Windows_NT
PROCESSOR_IDENTIFIER=Intel64 Family 6 Model 61 Stepping 4, GenuineIntel



---------------  S Y S T E M  ---------------

OS: Windows 10.0 , 64 bit Build 14393 (10.0.14393.0)

CPU:total 4 (2 cores per cpu, 2 threads per core) family 6 model 61 stepping 4, cmov, cx8, fxsr, mmx, sse, sse2, sse3, ssse3, sse4.1, sse4.2, popcnt, avx, avx2, aes, clmul, erms, 3dnowpref, lzcnt, ht, tsc, tscinvbit, bmi1, bmi2, adx

Memory: 4k page, physical 8292268k(1662640k free), swap 14228640k(5376k free)

vm_info: Java HotSpot(TM) 64-Bit Server VM (25.65-b01) for windows-amd64 JRE (1.8.0_65-b17), built on Oct  6 2015 16:39:20 by "java_re" with MS VC++ 10.0 (VS2010)

time: Wed Mar 01 21:55:00 2017
elapsed time: 7 seconds (0d 0h 0m 7s)

