#
# There is insufficient memory for the Java Runtime Environment to continue.
# Native memory allocation (malloc) failed to allocate 732656 bytes for Chunk::new
# Possible reasons:
#   The system is out of physical RAM or swap space
#   In 32 bit mode, the process size limit was hit
# Possible solutions:
#   Reduce memory load on the system
#   Increase physical memory or swap space
#   Check if swap backing store is full
#   Use 64 bit Java on a 64 bit OS
#   Decrease Java heap size (-Xmx/-Xms)
#   Decrease number of Java threads
#   Decrease Java thread stack sizes (-Xss)
#   Set larger code cache with -XX:ReservedCodeCacheSize=
# This output file may be truncated or incomplete.
#
#  Out of Memory Error (allocation.cpp:390), pid=14112, tid=4756
#
# JRE version: Java(TM) SE Runtime Environment (8.0_65-b17) (build 1.8.0_65-b17)
# Java VM: Java HotSpot(TM) 64-Bit Server VM (25.65-b01 mixed mode windows-amd64 compressed oops)
# Failed to write core dump. Minidumps are not enabled by default on client versions of Windows
#

---------------  T H R E A D  ---------------

Current thread (0x0000000015669000):  JavaThread "C2 CompilerThread0" daemon [_thread_in_native, id=4756, stack(0x0000000016b80000,0x0000000016c80000)]

Stack: [0x0000000016b80000,0x0000000016c80000]
[error occurred during error reporting (printing stack bounds), id 0xc0000005]

Native frames: (J=compiled Java code, j=interpreted, Vv=VM code, C=native code)


Current CompileTask:
C2:   5406 1663       4       com.android.dx.cf.code.ValueAwareMachine::run (1142 bytes)


---------------  P R O C E S S  ---------------

Java Threads: ( => current thread )
  0x0000000016f09000 JavaThread "pool-2-thread-4" [_thread_in_Java, id=3768, stack(0x0000000017880000,0x0000000017980000)]
  0x0000000016f07800 JavaThread "pool-2-thread-3" [_thread_in_Java, id=836, stack(0x0000000017780000,0x0000000017880000)]
  0x0000000016f05000 JavaThread "pool-2-thread-2" [_thread_in_Java, id=15312, stack(0x0000000017680000,0x0000000017780000)]
  0x0000000016efe800 JavaThread "pool-3-thread-1" [_thread_blocked, id=12568, stack(0x0000000017580000,0x0000000017680000)]
  0x0000000016efb800 JavaThread "pool-2-thread-1" [_thread_in_Java, id=6848, stack(0x0000000017480000,0x0000000017580000)]
  0x0000000016cde800 JavaThread "Service Thread" daemon [_thread_blocked, id=14812, stack(0x0000000017280000,0x0000000017380000)]
  0x0000000016cd9800 JavaThread "C1 CompilerThread2" daemon [_thread_blocked, id=4252, stack(0x0000000017180000,0x0000000017280000)]
  0x0000000016cd7000 JavaThread "C2 CompilerThread1" daemon [_thread_in_native, id=15000, stack(0x0000000017080000,0x0000000017180000)]
=>0x0000000015669000 JavaThread "C2 CompilerThread0" daemon [_thread_in_native, id=4756, stack(0x0000000016b80000,0x0000000016c80000)]
  0x000000001561d800 JavaThread "Attach Listener" daemon [_thread_blocked, id=11528, stack(0x0000000016a80000,0x0000000016b80000)]
  0x000000001561c000 JavaThread "Signal Dispatcher" daemon [_thread_blocked, id=4544, stack(0x0000000016980000,0x0000000016a80000)]
  0x0000000002f30800 JavaThread "Finalizer" daemon [_thread_blocked, id=5976, stack(0x0000000016880000,0x0000000016980000)]
  0x0000000002f2d800 JavaThread "Reference Handler" daemon [_thread_blocked, id=10936, stack(0x0000000016780000,0x0000000016880000)]
  0x000000000293d800 JavaThread "main" [_thread_in_Java, id=4592, stack(0x0000000002d40000,0x0000000002e40000)]

Other Threads:
  0x00000000155d8800 VMThread [stack: 0x0000000016680000,0x0000000016780000] [id=13804]
  0x0000000016d36000 WatcherThread [stack: 0x0000000017380000,0x0000000017480000] [id=11912]

VM state:not at safepoint (normal execution)

VM Mutex/Monitor currently owned by a thread: None

Heap:
 PSYoungGen      total 71680K, used 40078K [0x00000000eab00000, 0x00000000f3700000, 0x0000000100000000)
  eden space 66560K, 52% used [0x00000000eab00000,0x00000000ecd273e8,0x00000000eec00000)
  from space 5120K, 99% used [0x00000000eec00000,0x00000000ef0fc6e8,0x00000000ef100000)
  to   space 5120K, 0% used [0x00000000f3200000,0x00000000f3200000,0x00000000f3700000)
 ParOldGen       total 87552K, used 14754K [0x00000000c0000000, 0x00000000c5580000, 0x00000000eab00000)
  object space 87552K, 16% used [0x00000000c0000000,0x00000000c0e68be0,0x00000000c5580000)
 Metaspace       used 6255K, capacity 7192K, committed 7424K, reserved 1056768K
  class space    used 611K, capacity 656K, committed 768K, reserved 1048576K

Card table byte_map: [0x0000000012300000,0x0000000012510000] byte_map_base: 0x0000000011d00000

Marking Bits: (ParMarkBitMap*) 0x0000000077f7a5b0
 Begin Bits: [0x0000000012a70000, 0x0000000013a70000)
 End Bits:   [0x0000000013a70000, 0x0000000014a70000)

Polling page: 0x0000000002900000

CodeCache: size=245760Kb used=7018Kb max_used=7034Kb free=238741Kb
 bounds [0x0000000002f40000, 0x0000000003630000, 0x0000000011f40000]
 total_blobs=1929 nmethods=1664 adapters=178
 compilation: enabled

Compilation events (10 events):
Event: 5.103 Thread 0x0000000015669000 nmethod 1669 0x0000000003612dd0 code [0x0000000003612f40, 0x00000000036131b8]
Event: 5.103 Thread 0x0000000015669000 1676       4       com.android.dx.util.IntList::mutableCopy (39 bytes)
Event: 5.113 Thread 0x0000000016cd7000 nmethod 1664 0x000000000361fd10 code [0x0000000003620100, 0x0000000003622fa8]
Event: 5.113 Thread 0x0000000016cd7000 1662   !   4       com.android.dx.cf.code.RopperMachine::run (1550 bytes)
Event: 5.117 Thread 0x0000000015669000 nmethod 1676 0x0000000003613c10 code [0x0000000003613d80, 0x0000000003614358]
Event: 5.117 Thread 0x0000000015669000 1663       4       com.android.dx.cf.code.ValueAwareMachine::run (1142 bytes)
Event: 5.272 Thread 0x0000000016cd9800 1706       2       com.android.dx.rop.code.RegisterSpecList::withoutLast (60 bytes)
Event: 5.273 Thread 0x0000000016cd9800 nmethod 1706 0x0000000003612050 code [0x0000000003612220, 0x00000000036127e8]
Event: 5.292 Thread 0x0000000016cd9800 1707       2       com.android.dx.ssa.SsaBasicBlock::getLiveOutRegs (26 bytes)
Event: 5.293 Thread 0x0000000016cd9800 nmethod 1707 0x0000000003613550 code [0x00000000036136c0, 0x00000000036139c8]

GC Heap History (6 events):
Event: 2.908 GC heap before
{Heap before GC invocations=1 (full 0):
 PSYoungGen      total 38400K, used 33280K [0x00000000eab00000, 0x00000000ed580000, 0x0000000100000000)
  eden space 33280K, 100% used [0x00000000eab00000,0x00000000ecb80000,0x00000000ecb80000)
  from space 5120K, 0% used [0x00000000ed080000,0x00000000ed080000,0x00000000ed580000)
  to   space 5120K, 0% used [0x00000000ecb80000,0x00000000ecb80000,0x00000000ed080000)
 ParOldGen       total 87552K, used 0K [0x00000000c0000000, 0x00000000c5580000, 0x00000000eab00000)
  object space 87552K, 0% used [0x00000000c0000000,0x00000000c0000000,0x00000000c5580000)
 Metaspace       used 5910K, capacity 6896K, committed 7040K, reserved 1056768K
  class space    used 587K, capacity 616K, committed 640K, reserved 1048576K
Event: 2.960 GC heap after
Heap after GC invocations=1 (full 0):
 PSYoungGen      total 38400K, used 5108K [0x00000000eab00000, 0x00000000ef600000, 0x0000000100000000)
  eden space 33280K, 0% used [0x00000000eab00000,0x00000000eab00000,0x00000000ecb80000)
  from space 5120K, 99% used [0x00000000ecb80000,0x00000000ed07d0c8,0x00000000ed080000)
  to   space 5120K, 0% used [0x00000000ef100000,0x00000000ef100000,0x00000000ef600000)
 ParOldGen       total 87552K, used 1142K [0x00000000c0000000, 0x00000000c5580000, 0x00000000eab00000)
  object space 87552K, 1% used [0x00000000c0000000,0x00000000c011da50,0x00000000c5580000)
 Metaspace       used 5910K, capacity 6896K, committed 7040K, reserved 1056768K
  class space    used 587K, capacity 616K, committed 640K, reserved 1048576K
}
Event: 3.756 GC heap before
{Heap before GC invocations=2 (full 0):
 PSYoungGen      total 38400K, used 38388K [0x00000000eab00000, 0x00000000ef600000, 0x0000000100000000)
  eden space 33280K, 100% used [0x00000000eab00000,0x00000000ecb80000,0x00000000ecb80000)
  from space 5120K, 99% used [0x00000000ecb80000,0x00000000ed07d0c8,0x00000000ed080000)
  to   space 5120K, 0% used [0x00000000ef100000,0x00000000ef100000,0x00000000ef600000)
 ParOldGen       total 87552K, used 1142K [0x00000000c0000000, 0x00000000c5580000, 0x00000000eab00000)
  object space 87552K, 1% used [0x00000000c0000000,0x00000000c011da50,0x00000000c5580000)
 Metaspace       used 6057K, capacity 7024K, committed 7296K, reserved 1056768K
  class space    used 588K, capacity 616K, committed 640K, reserved 1048576K
Event: 3.800 GC heap after
Heap after GC invocations=2 (full 0):
 PSYoungGen      total 71680K, used 5110K [0x00000000eab00000, 0x00000000ef600000, 0x0000000100000000)
  eden space 66560K, 0% used [0x00000000eab00000,0x00000000eab00000,0x00000000eec00000)
  from space 5120K, 99% used [0x00000000ef100000,0x00000000ef5fd8a0,0x00000000ef600000)
  to   space 5120K, 0% used [0x00000000eec00000,0x00000000eec00000,0x00000000ef100000)
 ParOldGen       total 87552K, used 5827K [0x00000000c0000000, 0x00000000c5580000, 0x00000000eab00000)
  object space 87552K, 6% used [0x00000000c0000000,0x00000000c05b0e50,0x00000000c5580000)
 Metaspace       used 6057K, capacity 7024K, committed 7296K, reserved 1056768K
  class space    used 588K, capacity 616K, committed 640K, reserved 1048576K
}
Event: 4.805 GC heap before
{Heap before GC invocations=3 (full 0):
 PSYoungGen      total 71680K, used 71670K [0x00000000eab00000, 0x00000000ef600000, 0x0000000100000000)
  eden space 66560K, 100% used [0x00000000eab00000,0x00000000eec00000,0x00000000eec00000)
  from space 5120K, 99% used [0x00000000ef100000,0x00000000ef5fd8a0,0x00000000ef600000)
  to   space 5120K, 0% used [0x00000000eec00000,0x00000000eec00000,0x00000000ef100000)
 ParOldGen       total 87552K, used 5827K [0x00000000c0000000, 0x00000000c5580000, 0x00000000eab00000)
  object space 87552K, 6% used [0x00000000c0000000,0x00000000c05b0e50,0x00000000c5580000)
 Metaspace       used 6228K, capacity 7128K, committed 7424K, reserved 1056768K
  class space    used 611K, capacity 656K, committed 768K, reserved 1048576K
Event: 4.964 GC heap after
Heap after GC invocations=3 (full 0):
 PSYoungGen      total 71680K, used 5105K [0x00000000eab00000, 0x00000000f3700000, 0x0000000100000000)
  eden space 66560K, 0% used [0x00000000eab00000,0x00000000eab00000,0x00000000eec00000)
  from space 5120K, 99% used [0x00000000eec00000,0x00000000ef0fc6e8,0x00000000ef100000)
  to   space 5120K, 0% used [0x00000000f3200000,0x00000000f3200000,0x00000000f3700000)
 ParOldGen       total 87552K, used 14754K [0x00000000c0000000, 0x00000000c5580000, 0x00000000eab00000)
  object space 87552K, 16% used [0x00000000c0000000,0x00000000c0e68be0,0x00000000c5580000)
 Metaspace       used 6228K, capacity 7128K, committed 7424K, reserved 1056768K
  class space    used 611K, capacity 656K, committed 768K, reserved 1048576K
}

Deoptimization events (10 events):
Event: 3.223 Thread 0x0000000016f05000 Uncommon trap: reason=bimorphic action=maybe_recompile pc=0x000000000347a2b4 method=java.util.HashMap.getNode(ILjava/lang/Object;)Ljava/util/HashMap$Node; @ 126
Event: 3.223 Thread 0x0000000016f05000 Uncommon trap: reason=class_check action=maybe_recompile pc=0x000000000333eb50 method=java.util.HashMap.putVal(ILjava/lang/Object;Ljava/lang/Object;ZZ)Ljava/lang/Object; @ 203
Event: 3.223 Thread 0x0000000016f05000 Uncommon trap: reason=bimorphic action=maybe_recompile pc=0x0000000003367770 method=java.util.HashMap.getNode(ILjava/lang/Object;)Ljava/util/HashMap$Node; @ 126
Event: 3.870 Thread 0x0000000016f09000 Uncommon trap: reason=unstable_if action=reinterpret pc=0x000000000329a008 method=java.util.HashMap.putVal(ILjava/lang/Object;Ljava/lang/Object;ZZ)Ljava/lang/Object; @ 162
Event: 3.874 Thread 0x0000000016f09000 Uncommon trap: reason=unstable_if action=reinterpret pc=0x00000000034ece2c method=java.util.HashMap.getNode(ILjava/lang/Object;)Ljava/util/HashMap$Node; @ 84
Event: 3.875 Thread 0x0000000016f09000 Uncommon trap: reason=unstable_if action=reinterpret pc=0x00000000034f4490 method=java.util.HashMap.getNode(ILjava/lang/Object;)Ljava/util/HashMap$Node; @ 84
Event: 4.003 Thread 0x0000000016efb800 Uncommon trap: reason=unstable_if action=reinterpret pc=0x00000000033a8afc method=com.android.dx.util.IntList.binarysearch(I)I @ 105
Event: 5.085 Thread 0x000000000293d800 Uncommon trap: reason=bimorphic action=maybe_recompile pc=0x00000000035df1d8 method=com.android.dx.cf.code.BytecodeArray.parseInstruction(ILcom/android/dx/cf/code/BytecodeArray$Visitor;)I @ 2484
Event: 5.085 Thread 0x000000000293d800 Uncommon trap: reason=bimorphic action=maybe_recompile pc=0x00000000035df1d8 method=com.android.dx.cf.code.BytecodeArray.parseInstruction(ILcom/android/dx/cf/code/BytecodeArray$Visitor;)I @ 2484
Event: 5.307 Thread 0x000000000293d800 Uncommon trap: reason=unstable_if action=reinterpret pc=0x00000000035c2e44 method=com.android.dx.ssa.LocalVariableExtractor.processBlock(I)V @ 251

Internal exceptions (6 events):
Event: 0.217 Thread 0x000000000293d800 Exception <a 'java/lang/NoSuchMethodError': Method sun.misc.Unsafe.defineClass(Ljava/lang/String;[BII)Ljava/lang/Class; name or signature does not match> (0x00000000eab13080) thrown at [C:\workspace\8-2-build-windows-amd64-cygwin\jdk8u65\4987\hotspot\src\s³sLÀË?
Event: 0.217 Thread 0x000000000293d800 Exception <a 'java/lang/NoSuchMethodError': Method sun.misc.Unsafe.prefetchRead(Ljava/lang/Object;J)V name or signature does not match> (0x00000000eab13368) thrown at [C:\workspace\8-2-build-windows-amd64-cygwin\jdk8u65\4987\hotspot\src\share\vm\prims\jni.n±'rUC@
Event: 2.658 Thread 0x0000000016f09000 Implicit null exception at 0x0000000003232311 to 0x0000000003233635
Event: 3.872 Thread 0x0000000016f09000 Exception <a 'java/lang/ArrayIndexOutOfBoundsException': 18> (0x00000000eba67f18) thrown at [C:\workspace\8-2-build-windows-amd64-cygwin\jdk8u65\4987\hotspot\src\share\vm\interpreter\interpreterRuntime.cpp, line 366]
Event: 3.873 Thread 0x0000000016f09000 Exception <a 'java/lang/ArrayIndexOutOfBoundsException': 145> (0x00000000eba69a98) thrown at [C:\workspace\8-2-build-windows-amd64-cygwin\jdk8u65\4987\hotspot\src\share\vm\interpreter\interpreterRuntime.cpp, line 366]
Event: 3.873 Thread 0x0000000016f09000 Exception <a 'java/lang/ArrayIndexOutOfBoundsException'> (0x00000000eba6ad80) thrown at [C:\workspace\8-2-build-windows-amd64-cygwin\jdk8u65\4987\hotspot\src\share\vm\runtime\sharedRuntime.cpp, line 605]

Events (10 events):
Event: 4.964 Executing VM operation: ParallelGCFailedAllocation done
Event: 5.085 Thread 0x000000000293d800 Uncommon trap: trap_request=0xffffffc6 fr.pc=0x00000000035df1d8
Event: 5.085 Thread 0x000000000293d800 DEOPT PACKING pc=0x00000000035df1d8 sp=0x0000000002e3e380
Event: 5.085 Thread 0x000000000293d800 DEOPT UNPACKING pc=0x0000000002f8582a sp=0x0000000002e3e358 mode 2
Event: 5.085 Thread 0x000000000293d800 Uncommon trap: trap_request=0xffffffc6 fr.pc=0x00000000035df1d8
Event: 5.085 Thread 0x000000000293d800 DEOPT PACKING pc=0x00000000035df1d8 sp=0x0000000002e3e1e0
Event: 5.085 Thread 0x000000000293d800 DEOPT UNPACKING pc=0x0000000002f8582a sp=0x0000000002e3e1b8 mode 2
Event: 5.307 Thread 0x000000000293d800 Uncommon trap: trap_request=0xffffff65 fr.pc=0x00000000035c2e44
Event: 5.307 Thread 0x000000000293d800 DEOPT PACKING pc=0x00000000035c2e44 sp=0x0000000002e3e5d0
Event: 5.307 Thread 0x000000000293d800 DEOPT UNPACKING pc=0x0000000002f8582a sp=0x0000000002e3e5a0 mode 2


Dynamic libraries:
0x00007ff6e4600000 - 0x00007ff6e4637000 	C:\Program Files\Java\jdk1.8.0_65\bin\java.exe
0x00007ffba5100000 - 0x00007ffba52d1000 	C:\WINDOWS\SYSTEM32\ntdll.dll
0x00007ffba2690000 - 0x00007ffba273b000 	C:\WINDOWS\System32\KERNEL32.DLL
0x00007ffb8b420000 - 0x00007ffb8b453000 	C:\Program Files\AVAST Software\Avast\x64\aswhooka.dll
0x00007ffba15f0000 - 0x00007ffba180d000 	C:\WINDOWS\System32\KERNELBASE.dll
0x00007ffba28b0000 - 0x00007ffba2952000 	C:\WINDOWS\System32\ADVAPI32.dll
0x00007ffba29b0000 - 0x00007ffba2a4e000 	C:\WINDOWS\System32\msvcrt.dll
0x00007ffba4420000 - 0x00007ffba4479000 	C:\WINDOWS\System32\sechost.dll
0x00007ffba4fd0000 - 0x00007ffba50f1000 	C:\WINDOWS\System32\RPCRT4.dll
0x00007ffba2740000 - 0x00007ffba28a5000 	C:\WINDOWS\System32\USER32.dll
0x00007ffba1fa0000 - 0x00007ffba1fbe000 	C:\WINDOWS\System32\win32u.dll
0x00007ffba2970000 - 0x00007ffba29a4000 	C:\WINDOWS\System32\GDI32.dll
0x00007ffba2460000 - 0x00007ffba25e2000 	C:\WINDOWS\System32\gdi32full.dll
0x00007ffb96170000 - 0x00007ffb963e9000 	C:\WINDOWS\WinSxS\amd64_microsoft.windows.common-controls_6595b64144ccf1df_6.0.14393.447_none_42191651c6827bb3\COMCTL32.dll
0x00007ffba46d0000 - 0x00007ffba4998000 	C:\WINDOWS\System32\combase.dll
0x00007ffba2080000 - 0x00007ffba2175000 	C:\WINDOWS\System32\ucrtbase.dll
0x00007ffba2010000 - 0x00007ffba207a000 	C:\WINDOWS\System32\bcryptPrimitives.dll
0x00007ffba49a0000 - 0x00007ffba49ce000 	C:\WINDOWS\System32\IMM32.DLL
0x0000000077120000 - 0x00000000771f2000 	C:\Program Files\Java\jdk1.8.0_65\jre\bin\msvcr100.dll
0x0000000077770000 - 0x0000000077ff9000 	C:\Program Files\Java\jdk1.8.0_65\jre\bin\server\jvm.dll
0x00007ffba2960000 - 0x00007ffba2968000 	C:\WINDOWS\System32\PSAPI.DLL
0x00007ffb9ba20000 - 0x00007ffb9ba29000 	C:\WINDOWS\SYSTEM32\WSOCK32.dll
0x00007ffba4380000 - 0x00007ffba43ea000 	C:\WINDOWS\System32\WS2_32.dll
0x00007ffb9f540000 - 0x00007ffb9f563000 	C:\WINDOWS\SYSTEM32\WINMM.dll
0x00007ffb915f0000 - 0x00007ffb915fa000 	C:\WINDOWS\SYSTEM32\VERSION.dll
0x00007ffb9f450000 - 0x00007ffb9f47b000 	C:\WINDOWS\SYSTEM32\WINMMBASE.dll
0x00007ffba1fc0000 - 0x00007ffba2002000 	C:\WINDOWS\System32\cfgmgr32.dll
0x0000000050110000 - 0x000000005011f000 	C:\Program Files\Java\jdk1.8.0_65\jre\bin\verify.dll
0x00000000500e0000 - 0x0000000050109000 	C:\Program Files\Java\jdk1.8.0_65\jre\bin\java.dll
0x00000000500c0000 - 0x00000000500d6000 	C:\Program Files\Java\jdk1.8.0_65\jre\bin\zip.dll
0x00007ffba2cd0000 - 0x00007ffba41d9000 	C:\WINDOWS\System32\SHELL32.dll
0x00007ffba1810000 - 0x00007ffba1eea000 	C:\WINDOWS\System32\windows.storage.dll
0x00007ffba1590000 - 0x00007ffba15dc000 	C:\WINDOWS\System32\powrprof.dll
0x00007ffba4ed0000 - 0x00007ffba4f22000 	C:\WINDOWS\System32\shlwapi.dll
0x00007ffba1580000 - 0x00007ffba158f000 	C:\WINDOWS\System32\kernel.appcore.dll
0x00007ffba2180000 - 0x00007ffba2229000 	C:\WINDOWS\System32\shcore.dll
0x00007ffba1560000 - 0x00007ffba1574000 	C:\WINDOWS\System32\profapi.dll

VM Arguments:
jvm_args: -Djava.awt.headless=true -Xmx1024M -Dfile.encoding=x-windows-949 -Duser.country=KR -Duser.language=ko -Duser.variant 
java_command: com.android.dx.command.Main --dex --force-jumbo --num-threads=4 --multi-dex --output C:\Users\Public\AndroidStudioProjects\Project\FindRest\app\build\intermediates\transforms\dex\debug\folders\1000\10\com.android.support-recyclerview-v7-24.2.1_96317dc67c45ebc90f5cd4eb722f95fabfce7520 C:\Users\Public\AndroidStudioProjects\Project\FindRest\app\build\intermediates\exploded-aar\com.android.support\recyclerview-v7\24.2.1\jars\classes.jar
java_class_path (initial): C:\Users\Public\Android_SDK\build-tools\24.0.1\lib\dx.jar
Launcher Type: SUN_STANDARD

Environment Variables:
JAVA_HOME=C:\Program Files\Java\jdk1.8.0_65
CLASSPATH=.;C:\Program Files\Java\jdk1.8.0_65\lib\tools.jar
PATH=C:\Program Files\Java\jdk1.8.0_65\bin;C:\ProgramData\Oracle\Java\javapath;C:\Program Files (x86)\Wizvera\Delfino;C:\Program Files (x86)\Intel\iCLS Client\;C:\Program Files\Intel\iCLS Client\;C:\WINDOWS\system32;C:\WINDOWS;C:\WINDOWS\System32\Wbem;C:\WINDOWS\System32\WindowsPowerShell\v1.0\;C:\Program Files (x86)\Windows Live\Shared;C:\Program Files\Intel\Intel(R) Management Engine Components\DAL;C:\Program Files (x86)\Intel\Intel(R) Management Engine Components\DAL;C:\Program Files\Intel\Intel(R) Management Engine Components\IPT;C:\Program Files (x86)\Intel\Intel(R) Management Engine Components\IPT;C:\Program Files\Intel\WiFi\bin\;C:\Program Files\Common Files\Intel\WirelessCommon\;C:\WINDOWS\system32\config\systemprofile\.dnx\bin;C:\Program Files\Microsoft DNX\Dnvm\;c:\Program Files\Microsoft SQL Server\100\DTS\;c:\Program Files\java\jdk1.8.0_65\bin;C:\Program Files\Bandizip\7z;C:\Users\±è½ÂÈÆ\AppData\Local\Microsoft\WindowsApps;C:\Users\±è½ÂÈÆ\AppData\Local\atom\bin
USERNAME=±è½ÂÈÆ
OS=Windows_NT
PROCESSOR_IDENTIFIER=Intel64 Family 6 Model 61 Stepping 4, GenuineIntel



---------------  S Y S T E M  ---------------

OS: Windows 10.0 , 64 bit Build 14393 (10.0.14393.0)

CPU:total 4 (2 cores per cpu, 2 threads per core) family 6 model 61 stepping 4, cmov, cx8, fxsr, mmx, sse, sse2, sse3, ssse3, sse4.1, sse4.2, popcnt, avx, avx2, aes, clmul, erms, 3dnowpref, lzcnt, ht, tsc, tscinvbit, bmi1, bmi2, adx

Memory: 4k page, physical 8292268k(1730980k free), swap 14228640k(5604k free)

vm_info: Java HotSpot(TM) 64-Bit Server VM (25.65-b01) for windows-amd64 JRE (1.8.0_65-b17), built on Oct  6 2015 16:39:20 by "java_re" with MS VC++ 10.0 (VS2010)

time: Wed Mar 01 21:57:02 2017
elapsed time: 5 seconds (0d 0h 0m 5s)

