#
# There is insufficient memory for the Java Runtime Environment to continue.
# Native memory allocation (malloc) failed to allocate 714256 bytes for Chunk::new
# Possible reasons:
#   The system is out of physical RAM or swap space
#   In 32 bit mode, the process size limit was hit
# Possible solutions:
#   Reduce memory load on the system
#   Increase physical memory or swap space
#   Check if swap backing store is full
#   Use 64 bit Java on a 64 bit OS
#   Decrease Java heap size (-Xmx/-Xms)
#   Decrease number of Java threads
#   Decrease Java thread stack sizes (-Xss)
#   Set larger code cache with -XX:ReservedCodeCacheSize=
# This output file may be truncated or incomplete.
#
#  Out of Memory Error (allocation.cpp:390), pid=12904, tid=12356
#
# JRE version: Java(TM) SE Runtime Environment (8.0_65-b17) (build 1.8.0_65-b17)
# Java VM: Java HotSpot(TM) 64-Bit Server VM (25.65-b01 mixed mode windows-amd64 compressed oops)
# Failed to write core dump. Minidumps are not enabled by default on client versions of Windows
#

---------------  T H R E A D  ---------------

Current thread (0x00000000150e9000):  JavaThread "C2 CompilerThread0" daemon [_thread_in_native, id=12356, stack(0x0000000016680000,0x0000000016780000)]

Stack: [0x0000000016680000,0x0000000016780000]
[error occurred during error reporting (printing stack bounds), id 0xc0000005]

Native frames: (J=compiled Java code, j=interpreted, Vv=VM code, C=native code)


Current CompileTask:
C2:   2626 1270       4       com.android.dx.ssa.SCCP::simulatePhi (169 bytes)


---------------  P R O C E S S  ---------------

Java Threads: ( => current thread )
  0x0000000016a57000 JavaThread "pool-2-thread-3" [_thread_blocked, id=11692, stack(0x0000000017280000,0x0000000017380000)]
  0x0000000016a56000 JavaThread "pool-2-thread-2" [_thread_blocked, id=2300, stack(0x0000000017180000,0x0000000017280000)]
  0x0000000016a55000 JavaThread "pool-3-thread-1" [_thread_blocked, id=4584, stack(0x0000000017080000,0x0000000017180000)]
  0x0000000016a28000 JavaThread "pool-2-thread-1" [_thread_blocked, id=4572, stack(0x0000000016f80000,0x0000000017080000)]
  0x00000000168de800 JavaThread "Service Thread" daemon [_thread_blocked, id=5976, stack(0x0000000016d80000,0x0000000016e80000)]
  0x00000000168d6000 JavaThread "C1 CompilerThread2" daemon [_thread_blocked, id=11728, stack(0x0000000016c80000,0x0000000016d80000)]
  0x00000000150ec000 JavaThread "C2 CompilerThread1" daemon [_thread_blocked, id=12416, stack(0x0000000016780000,0x0000000016880000)]
=>0x00000000150e9000 JavaThread "C2 CompilerThread0" daemon [_thread_in_native, id=12356, stack(0x0000000016680000,0x0000000016780000)]
  0x000000001509d800 JavaThread "Attach Listener" daemon [_thread_blocked, id=12592, stack(0x0000000016580000,0x0000000016680000)]
  0x000000001509c800 JavaThread "Signal Dispatcher" daemon [_thread_blocked, id=12256, stack(0x0000000016480000,0x0000000016580000)]
  0x00000000029b0800 JavaThread "Finalizer" daemon [_thread_blocked, id=10852, stack(0x0000000016300000,0x0000000016400000)]
  0x00000000029ad800 JavaThread "Reference Handler" daemon [_thread_blocked, id=15108, stack(0x0000000016200000,0x0000000016300000)]
  0x00000000028bd800 JavaThread "main" [_thread_blocked, id=14144, stack(0x0000000002710000,0x0000000002810000)]

Other Threads:
  0x0000000015058800 VMThread [stack: 0x0000000016100000,0x0000000016200000] [id=12568]
  0x0000000016928800 WatcherThread [stack: 0x0000000016e80000,0x0000000016f80000] [id=14576]

VM state:at safepoint (normal execution)

VM Mutex/Monitor currently owned by a thread:  ([mutex/lock_event])
[0x00000000028bcb10] Threads_lock - owner thread: 0x0000000015058800
[0x00000000028bc490] Heap_lock - owner thread: 0x0000000016a56000

Heap:
 PSYoungGen      total 38400K, used 33280K [0x00000000eab00000, 0x00000000ed580000, 0x0000000100000000)
  eden space 33280K, 100% used [0x00000000eab00000,0x00000000ecb80000,0x00000000ecb80000)
  from space 5120K, 0% used [0x00000000ed080000,0x00000000ed080000,0x00000000ed580000)
  to   space 5120K, 95% used [0x00000000ecb80000,0x00000000ed04a658,0x00000000ed080000)
 ParOldGen       total 87552K, used 24K [0x00000000c0000000, 0x00000000c5580000, 0x00000000eab00000)
  object space 87552K, 0% used [0x00000000c0000000,0x00000000c0006000,0x00000000c5580000)
 Metaspace       used 6044K, capacity 6968K, committed 7040K, reserved 1056768K
  class space    used 602K, capacity 624K, committed 640K, reserved 1048576K

Card table byte_map: [0x0000000011d80000,0x0000000011f90000] byte_map_base: 0x0000000011780000

Marking Bits: (ParMarkBitMap*) 0x0000000077f7a5b0
 Begin Bits: [0x00000000124f0000, 0x00000000134f0000)
 End Bits:   [0x00000000134f0000, 0x00000000144f0000)

Polling page: 0x0000000002810000

CodeCache: size=245760Kb used=5214Kb max_used=5214Kb free=240546Kb
 bounds [0x00000000029c0000, 0x0000000002ee0000, 0x00000000119c0000]
 total_blobs=1552 nmethods=1281 adapters=184
 compilation: enabled

Compilation events (10 events):
Event: 2.605 Thread 0x00000000168d6000 1281       3       com.android.dx.cf.code.Frame::mergeWith (80 bytes)
Event: 2.606 Thread 0x00000000168d6000 nmethod 1281 0x0000000002ed7a10 code [0x0000000002ed7c40, 0x0000000002ed8c28]
Event: 2.607 Thread 0x00000000168d6000 1282   !   3       com.android.dx.cf.code.Ropper::doit (126 bytes)
Event: 2.609 Thread 0x00000000168d6000 nmethod 1282 0x0000000002ed90d0 code [0x0000000002ed93c0, 0x0000000002eda818]
Event: 2.609 Thread 0x00000000168d6000 1283       3       java.util.HashMap$HashIterator::hasNext (13 bytes)
Event: 2.609 Thread 0x00000000168d6000 nmethod 1283 0x0000000002eb6450 code [0x0000000002eb65a0, 0x0000000002eb6750]
Event: 2.615 Thread 0x00000000168d6000 1284       3       com.android.dx.ssa.PhiTypeResolver::equalsHandlesNulls (23 bytes)
Event: 2.615 Thread 0x00000000168d6000 nmethod 1284 0x0000000002edb450 code [0x0000000002edb5e0, 0x0000000002edba28]
Event: 2.617 Thread 0x00000000168d6000 1286       3       com.android.dx.rop.code.ThrowingInsn::accept (8 bytes)
Event: 2.617 Thread 0x00000000168d6000 nmethod 1286 0x0000000002edbb50 code [0x0000000002edbcc0, 0x0000000002edbee8]

GC Heap History (1 events):
Event: 2.621 GC heap before
{Heap before GC invocations=1 (full 0):
 PSYoungGen      total 38400K, used 33280K [0x00000000eab00000, 0x00000000ed580000, 0x0000000100000000)
  eden space 33280K, 100% used [0x00000000eab00000,0x00000000ecb80000,0x00000000ecb80000)
  from space 5120K, 0% used [0x00000000ed080000,0x00000000ed080000,0x00000000ed580000)
  to   space 5120K, 0% used [0x00000000ecb80000,0x00000000ecb80000,0x00000000ed080000)
 ParOldGen       total 87552K, used 0K [0x00000000c0000000, 0x00000000c5580000, 0x00000000eab00000)
  object space 87552K, 0% used [0x00000000c0000000,0x00000000c0000000,0x00000000c5580000)
 Metaspace       used 6044K, capacity 6968K, committed 7040K, reserved 1056768K
  class space    used 602K, capacity 624K, committed 640K, reserved 1048576K

Deoptimization events (10 events):
Event: 1.565 Thread 0x0000000016a56000 Uncommon trap: reason=unstable_if action=reinterpret pc=0x0000000002c41434 method=java.util.BitSet.ensureCapacity(I)V @ 6
Event: 1.840 Thread 0x0000000016a57800 Uncommon trap: reason=class_check action=maybe_recompile pc=0x0000000002c09f98 method=com.android.dx.rop.type.Type.equals(Ljava/lang/Object;)Z @ 8
Event: 1.840 Thread 0x0000000016a57800 Uncommon trap: reason=class_check action=maybe_recompile pc=0x0000000002c09f98 method=com.android.dx.rop.type.Type.equals(Ljava/lang/Object;)Z @ 8
Event: 1.840 Thread 0x0000000016a57800 Uncommon trap: reason=class_check action=maybe_recompile pc=0x0000000002c09f98 method=com.android.dx.rop.type.Type.equals(Ljava/lang/Object;)Z @ 8
Event: 1.841 Thread 0x0000000016a57800 Uncommon trap: reason=class_check action=maybe_recompile pc=0x0000000002c09f98 method=com.android.dx.rop.type.Type.equals(Ljava/lang/Object;)Z @ 8
Event: 1.842 Thread 0x0000000016a57800 Uncommon trap: reason=unstable_if action=reinterpret pc=0x0000000002ccb3ec method=com.android.dx.rop.code.RegisterSpecSet.put(Lcom/android/dx/rop/code/RegisterSpec;)V @ 77
Event: 1.842 Thread 0x0000000016a57800 Uncommon trap: reason=unstable_if action=reinterpret pc=0x0000000002d018ac method=com.android.dx.rop.code.RegisterSpecSet.put(Lcom/android/dx/rop/code/RegisterSpec;)V @ 77
Event: 1.955 Thread 0x0000000016a28000 Uncommon trap: reason=null_check action=make_not_entrant pc=0x0000000002cb38a4 method=com.android.dx.ssa.SsaRenamer.getLocalForNewReg(I)Lcom/android/dx/rop/code/LocalItem; @ 19
Event: 1.976 Thread 0x0000000016a28000 Uncommon trap: reason=bimorphic action=maybe_recompile pc=0x0000000002c4afec method=java.util.HashMap.getNode(ILjava/lang/Object;)Ljava/util/HashMap$Node; @ 126
Event: 2.161 Thread 0x0000000016a57000 Uncommon trap: reason=unstable_if action=reinterpret pc=0x0000000002ca9c1c method=com.android.dx.rop.cst.Constant.compareTo(Lcom/android/dx/rop/cst/Constant;)I @ 12

Internal exceptions (3 events):
Event: 0.204 Thread 0x00000000028bd800 Exception <a 'java/lang/NoSuchMethodError': Method sun.misc.Unsafe.defineClass(Ljava/lang/String;[BII)Ljava/lang/Class; name or signature does not match> (0x00000000eab13080) thrown at [C:\workspace\8-2-build-windows-amd64-cygwin\jdk8u65\4987\hotspot\src\sÓ!ó&Ê?
Event: 0.204 Thread 0x00000000028bd800 Exception <a 'java/lang/NoSuchMethodError': Method sun.misc.Unsafe.prefetchRead(Ljava/lang/Object;J)V name or signature does not match> (0x00000000eab13368) thrown at [C:\workspace\8-2-build-windows-amd64-cygwin\jdk8u65\4987\hotspot\src\share\vm\prims\jni.þŽfÍHÿ?
Event: 1.955 Thread 0x0000000016a28000 Implicit null exception at 0x0000000002cb1f76 to 0x0000000002cb3859

Events (10 events):
Event: 2.161 Thread 0x0000000016a57000 DEOPT PACKING pc=0x0000000002ca9c1c sp=0x000000001737eb90
Event: 2.161 Thread 0x0000000016a57000 DEOPT UNPACKING pc=0x0000000002a0582a sp=0x000000001737eb30 mode 2
Event: 2.270 loading class java/util/HashMap$KeySet
Event: 2.270 loading class java/util/HashMap$KeySet done
Event: 2.270 loading class java/util/DualPivotQuicksort
Event: 2.271 loading class java/util/DualPivotQuicksort done
Event: 2.278 loading class java/util/HashMap$KeyIterator
Event: 2.279 loading class java/util/HashMap$KeyIterator done
Event: 2.292 Thread 0x0000000016a57800 Thread exited: 0x0000000016a57800
Event: 2.619 Executing VM operation: ParallelGCFailedAllocation


Dynamic libraries:
0x00007ff6e4600000 - 0x00007ff6e4637000 	C:\Program Files\Java\jdk1.8.0_65\bin\java.exe
0x00007ffba5100000 - 0x00007ffba52d1000 	C:\WINDOWS\SYSTEM32\ntdll.dll
0x00007ffba2690000 - 0x00007ffba273b000 	C:\WINDOWS\System32\KERNEL32.DLL
0x00007ffb8b420000 - 0x00007ffb8b453000 	C:\Program Files\AVAST Software\Avast\x64\aswhooka.dll
0x00007ffba15f0000 - 0x00007ffba180d000 	C:\WINDOWS\System32\KERNELBASE.dll
0x00007ffba28b0000 - 0x00007ffba2952000 	C:\WINDOWS\System32\ADVAPI32.dll
0x00007ffba29b0000 - 0x00007ffba2a4e000 	C:\WINDOWS\System32\msvcrt.dll
0x00007ffba4420000 - 0x00007ffba4479000 	C:\WINDOWS\System32\sechost.dll
0x00007ffba4fd0000 - 0x00007ffba50f1000 	C:\WINDOWS\System32\RPCRT4.dll
0x00007ffba2740000 - 0x00007ffba28a5000 	C:\WINDOWS\System32\USER32.dll
0x00007ffba1fa0000 - 0x00007ffba1fbe000 	C:\WINDOWS\System32\win32u.dll
0x00007ffba2970000 - 0x00007ffba29a4000 	C:\WINDOWS\System32\GDI32.dll
0x00007ffba2460000 - 0x00007ffba25e2000 	C:\WINDOWS\System32\gdi32full.dll
0x00007ffb96170000 - 0x00007ffb963e9000 	C:\WINDOWS\WinSxS\amd64_microsoft.windows.common-controls_6595b64144ccf1df_6.0.14393.447_none_42191651c6827bb3\COMCTL32.dll
0x00007ffba46d0000 - 0x00007ffba4998000 	C:\WINDOWS\System32\combase.dll
0x00007ffba2080000 - 0x00007ffba2175000 	C:\WINDOWS\System32\ucrtbase.dll
0x00007ffba2010000 - 0x00007ffba207a000 	C:\WINDOWS\System32\bcryptPrimitives.dll
0x00007ffba49a0000 - 0x00007ffba49ce000 	C:\WINDOWS\System32\IMM32.DLL
0x0000000077120000 - 0x00000000771f2000 	C:\Program Files\Java\jdk1.8.0_65\jre\bin\msvcr100.dll
0x0000000077770000 - 0x0000000077ff9000 	C:\Program Files\Java\jdk1.8.0_65\jre\bin\server\jvm.dll
0x00007ffba2960000 - 0x00007ffba2968000 	C:\WINDOWS\System32\PSAPI.DLL
0x00007ffb9ba20000 - 0x00007ffb9ba29000 	C:\WINDOWS\SYSTEM32\WSOCK32.dll
0x00007ffba4380000 - 0x00007ffba43ea000 	C:\WINDOWS\System32\WS2_32.dll
0x00007ffb9f540000 - 0x00007ffb9f563000 	C:\WINDOWS\SYSTEM32\WINMM.dll
0x00007ffb915f0000 - 0x00007ffb915fa000 	C:\WINDOWS\SYSTEM32\VERSION.dll
0x00007ffb9f450000 - 0x00007ffb9f47b000 	C:\WINDOWS\SYSTEM32\WINMMBASE.dll
0x00007ffba1fc0000 - 0x00007ffba2002000 	C:\WINDOWS\System32\cfgmgr32.dll
0x0000000050110000 - 0x000000005011f000 	C:\Program Files\Java\jdk1.8.0_65\jre\bin\verify.dll
0x00000000500e0000 - 0x0000000050109000 	C:\Program Files\Java\jdk1.8.0_65\jre\bin\java.dll
0x00000000500c0000 - 0x00000000500d6000 	C:\Program Files\Java\jdk1.8.0_65\jre\bin\zip.dll
0x00007ffba2cd0000 - 0x00007ffba41d9000 	C:\WINDOWS\System32\SHELL32.dll
0x00007ffba1810000 - 0x00007ffba1eea000 	C:\WINDOWS\System32\windows.storage.dll
0x00007ffba1590000 - 0x00007ffba15dc000 	C:\WINDOWS\System32\powrprof.dll
0x00007ffba4ed0000 - 0x00007ffba4f22000 	C:\WINDOWS\System32\shlwapi.dll
0x00007ffba1580000 - 0x00007ffba158f000 	C:\WINDOWS\System32\kernel.appcore.dll
0x00007ffba2180000 - 0x00007ffba2229000 	C:\WINDOWS\System32\shcore.dll
0x00007ffba1560000 - 0x00007ffba1574000 	C:\WINDOWS\System32\profapi.dll

VM Arguments:
jvm_args: -Djava.awt.headless=true -Xmx1024M -Dfile.encoding=x-windows-949 -Duser.country=KR -Duser.language=ko -Duser.variant 
java_command: com.android.dx.command.Main --dex --force-jumbo --num-threads=4 --multi-dex --output C:\Users\Public\AndroidStudioProjects\Project\FindRest\app\build\intermediates\transforms\dex\debug\folders\1000\2\gradle-wrapper_aa2fd1446aaaab3646f68b0251c6e066003d1bac C:\Users\Public\AndroidStudioProjects\Project\FindRest\app\libs\gradle-wrapper.jar
java_class_path (initial): C:\Users\Public\Android_SDK\build-tools\24.0.1\lib\dx.jar
Launcher Type: SUN_STANDARD

Environment Variables:
JAVA_HOME=C:\Program Files\Java\jdk1.8.0_65
CLASSPATH=.;C:\Program Files\Java\jdk1.8.0_65\lib\tools.jar
PATH=C:\Program Files\Java\jdk1.8.0_65\bin;C:\ProgramData\Oracle\Java\javapath;C:\Program Files (x86)\Wizvera\Delfino;C:\Program Files (x86)\Intel\iCLS Client\;C:\Program Files\Intel\iCLS Client\;C:\WINDOWS\system32;C:\WINDOWS;C:\WINDOWS\System32\Wbem;C:\WINDOWS\System32\WindowsPowerShell\v1.0\;C:\Program Files (x86)\Windows Live\Shared;C:\Program Files\Intel\Intel(R) Management Engine Components\DAL;C:\Program Files (x86)\Intel\Intel(R) Management Engine Components\DAL;C:\Program Files\Intel\Intel(R) Management Engine Components\IPT;C:\Program Files (x86)\Intel\Intel(R) Management Engine Components\IPT;C:\Program Files\Intel\WiFi\bin\;C:\Program Files\Common Files\Intel\WirelessCommon\;C:\WINDOWS\system32\config\systemprofile\.dnx\bin;C:\Program Files\Microsoft DNX\Dnvm\;c:\Program Files\Microsoft SQL Server\100\DTS\;c:\Program Files\java\jdk1.8.0_65\bin;C:\Program Files\Bandizip\7z;C:\Users\±è½ÂÈÆ\AppData\Local\Microsoft\WindowsApps;C:\Users\±è½ÂÈÆ\AppData\Local\atom\bin
USERNAME=±è½ÂÈÆ
OS=Windows_NT
PROCESSOR_IDENTIFIER=Intel64 Family 6 Model 61 Stepping 4, GenuineIntel



---------------  S Y S T E M  ---------------

OS: Windows 10.0 , 64 bit Build 14393 (10.0.14393.0)

CPU:total 4 (2 cores per cpu, 2 threads per core) family 6 model 61 stepping 4, cmov, cx8, fxsr, mmx, sse, sse2, sse3, ssse3, sse4.1, sse4.2, popcnt, avx, avx2, aes, clmul, erms, 3dnowpref, lzcnt, ht, tsc, tscinvbit, bmi1, bmi2, adx

Memory: 4k page, physical 8292268k(1688616k free), swap 14228640k(4240k free)

vm_info: Java HotSpot(TM) 64-Bit Server VM (25.65-b01) for windows-amd64 JRE (1.8.0_65-b17), built on Oct  6 2015 16:39:20 by "java_re" with MS VC++ 10.0 (VS2010)

time: Wed Mar 01 21:56:43 2017
elapsed time: 2 seconds (0d 0h 0m 2s)

